<?xml version="1.0" encoding="UTF-8"?>
<coverage generated="1777871684148" clover="3.2.0">
  <project timestamp="1777871684149" name="All files">
    <metrics statements="227" coveredstatements="207" conditionals="147" coveredconditionals="118" methods="51" coveredmethods="44" elements="425" coveredelements="369" complexity="0" loc="227" ncloc="227" packages="3" files="11" classes="11"/>
    <package name="src">
      <metrics statements="29" coveredstatements="20" conditionals="13" coveredconditionals="12" methods="10" coveredmethods="6"/>
      <file name="App.jsx" path="C:\Users\adria\Downloads\Proyecto_ingSoftware2-main\Proyecto_ingSoftware2-main\src\App.jsx">
        <metrics statements="29" coveredstatements="20" conditionals="13" coveredconditionals="12" methods="10" coveredmethods="6"/>
        <line num="7" count="4" type="stmt"/>
        <line num="8" count="4" type="stmt"/>
        <line num="9" count="4" type="cond" truecount="2" falsecount="0"/>
        <line num="11" count="0" type="stmt"/>
        <line num="16" count="4" type="stmt"/>
        <line num="17" count="4" type="stmt"/>
        <line num="18" count="4" type="cond" truecount="4" falsecount="0"/>
        <line num="19" count="3" type="stmt"/>
        <line num="21" count="1" type="stmt"/>
        <line num="25" count="4" type="stmt"/>
        <line num="26" count="4" type="stmt"/>
        <line num="27" count="4" type="stmt"/>
        <line num="29" count="4" type="stmt"/>
        <line num="30" count="3" type="stmt"/>
        <line num="31" count="1" type="stmt"/>
        <line num="32" count="1" type="stmt"/>
        <line num="34" count="3" type="stmt"/>
        <line num="35" count="3" type="stmt"/>
        <line num="38" count="4" type="stmt"/>
        <line num="39" count="0" type="stmt"/>
        <line num="40" count="0" type="stmt"/>
        <line num="43" count="4" type="stmt"/>
        <line num="44" count="0" type="stmt"/>
        <line num="45" count="0" type="stmt"/>
        <line num="46" count="0" type="stmt"/>
        <line num="47" count="0" type="stmt"/>
        <line num="50" count="4" type="stmt"/>
        <line num="54" count="0" type="stmt"/>
        <line num="59" count="0" type="stmt"/>
      </file>
    </package>
    <package name="src.componentes">
      <metrics statements="146" coveredstatements="137" conditionals="77" coveredconditionals="62" methods="35" coveredmethods="32"/>
      <file name="Cart.jsx" path="C:\Users\adria\Downloads\Proyecto_ingSoftware2-main\Proyecto_ingSoftware2-main\src\componentes\Cart.jsx">
        <metrics statements="2" coveredstatements="2" conditionals="3" coveredconditionals="3" methods="2" coveredmethods="2"/>
        <line num="12" count="33" type="stmt"/>
        <line num="19" count="9" type="stmt"/>
      </file>
      <file name="CartItem.jsx" path="C:\Users\adria\Downloads\Proyecto_ingSoftware2-main\Proyecto_ingSoftware2-main\src\componentes\CartItem.jsx">
        <metrics statements="4" coveredstatements="4" conditionals="0" coveredconditionals="0" methods="4" coveredmethods="4"/>
        <line num="7" count="14" type="stmt"/>
        <line num="22" count="1" type="stmt"/>
        <line num="32" count="3" type="stmt"/>
        <line num="41" count="2" type="stmt"/>
      </file>
      <file name="CheckoutButton.jsx" path="C:\Users\adria\Downloads\Proyecto_ingSoftware2-main\Proyecto_ingSoftware2-main\src\componentes\CheckoutButton.jsx">
        <metrics statements="1" coveredstatements="1" conditionals="4" coveredconditionals="3" methods="1" coveredmethods="1"/>
        <line num="2" count="40" type="stmt"/>
      </file>
      <file name="Login.jsx" path="C:\Users\adria\Downloads\Proyecto_ingSoftware2-main\Proyecto_ingSoftware2-main\src\componentes\Login.jsx">
        <metrics statements="24" coveredstatements="24" conditionals="12" coveredconditionals="12" methods="4" coveredmethods="4"/>
        <line num="6" count="70" type="stmt"/>
        <line num="7" count="70" type="stmt"/>
        <line num="8" count="70" type="stmt"/>
        <line num="9" count="70" type="stmt"/>
        <line num="11" count="70" type="stmt"/>
        <line num="12" count="4" type="stmt"/>
        <line num="13" count="4" type="stmt"/>
        <line num="14" count="4" type="cond" truecount="4" falsecount="0"/>
        <line num="15" count="1" type="stmt"/>
        <line num="16" count="1" type="stmt"/>
        <line num="19" count="3" type="stmt"/>
        <line num="20" count="3" type="stmt"/>
        <line num="21" count="3" type="stmt"/>
        <line num="25" count="1" type="stmt"/>
        <line num="26" count="1" type="stmt"/>
        <line num="27" count="1" type="stmt"/>
        <line num="29" count="2" type="cond" truecount="2" falsecount="0"/>
        <line num="30" count="1" type="stmt"/>
        <line num="31" count="1" type="cond" truecount="2" falsecount="0"/>
        <line num="33" count="1" type="stmt"/>
        <line num="36" count="3" type="stmt"/>
        <line num="40" count="70" type="stmt"/>
        <line num="65" count="32" type="stmt"/>
        <line num="76" count="24" type="stmt"/>
      </file>
      <file name="Registro.jsx" path="C:\Users\adria\Downloads\Proyecto_ingSoftware2-main\Proyecto_ingSoftware2-main\src\componentes\Registro.jsx">
        <metrics statements="43" coveredstatements="41" conditionals="22" coveredconditionals="21" methods="7" coveredmethods="7"/>
        <line num="6" count="206" type="stmt"/>
        <line num="7" count="206" type="stmt"/>
        <line num="8" count="206" type="stmt"/>
        <line num="9" count="206" type="stmt"/>
        <line num="10" count="206" type="stmt"/>
        <line num="11" count="206" type="stmt"/>
        <line num="12" count="206" type="stmt"/>
        <line num="14" count="206" type="stmt"/>
        <line num="15" count="6" type="stmt"/>
        <line num="16" count="6" type="stmt"/>
        <line num="17" count="6" type="stmt"/>
        <line num="19" count="6" type="stmt"/>
        <line num="20" count="6" type="cond" truecount="5" falsecount="1"/>
        <line num="21" count="0" type="stmt"/>
        <line num="22" count="0" type="stmt"/>
        <line num="24" count="6" type="cond" truecount="2" falsecount="0"/>
        <line num="25" count="1" type="stmt"/>
        <line num="26" count="1" type="stmt"/>
        <line num="28" count="5" type="cond" truecount="2" falsecount="0"/>
        <line num="29" count="1" type="stmt"/>
        <line num="30" count="1" type="stmt"/>
        <line num="32" count="4" type="cond" truecount="2" falsecount="0"/>
        <line num="33" count="1" type="stmt"/>
        <line num="34" count="1" type="stmt"/>
        <line num="37" count="3" type="stmt"/>
        <line num="38" count="3" type="stmt"/>
        <line num="39" count="3" type="stmt"/>
        <line num="47" count="1" type="stmt"/>
        <line num="48" count="1" type="stmt"/>
        <line num="49" count="1" type="stmt"/>
        <line num="50" count="1" type="stmt"/>
        <line num="51" count="1" type="stmt"/>
        <line num="52" count="1" type="stmt"/>
        <line num="54" count="2" type="cond" truecount="2" falsecount="0"/>
        <line num="55" count="1" type="stmt"/>
        <line num="56" count="1" type="cond" truecount="2" falsecount="0"/>
        <line num="58" count="1" type="stmt"/>
        <line num="61" count="3" type="stmt"/>
        <line num="65" count="206" type="stmt"/>
        <line num="89" count="40" type="stmt"/>
        <line num="100" count="60" type="stmt"/>
        <line num="111" count="45" type="stmt"/>
        <line num="122" count="45" type="stmt"/>
      </file>
      <file name="Tienda.jsx" path="C:\Users\adria\Downloads\Proyecto_ingSoftware2-main\Proyecto_ingSoftware2-main\src\componentes\Tienda.jsx">
        <metrics statements="72" coveredstatements="65" conditionals="36" coveredconditionals="23" methods="17" coveredmethods="14"/>
        <line num="9" count="35" type="stmt"/>
        <line num="10" count="35" type="stmt"/>
        <line num="11" count="35" type="stmt"/>
        <line num="12" count="35" type="stmt"/>
        <line num="13" count="35" type="stmt"/>
        <line num="14" count="35" type="stmt"/>
        <line num="15" count="35" type="stmt"/>
        <line num="16" count="35" type="stmt"/>
        <line num="18" count="35" type="stmt"/>
        <line num="19" count="17" type="stmt"/>
        <line num="20" count="16" type="stmt"/>
        <line num="23" count="35" type="stmt"/>
        <line num="24" count="10" type="stmt"/>
        <line num="25" count="9" type="stmt"/>
        <line num="28" count="35" type="stmt"/>
        <line num="29" count="9" type="stmt"/>
        <line num="30" count="9" type="stmt"/>
        <line num="31" count="9" type="stmt"/>
        <line num="32" count="9" type="stmt"/>
        <line num="33" count="9" type="stmt"/>
        <line num="34" count="9" type="stmt"/>
        <line num="36" count="1" type="cond" truecount="3" falsecount="1"/>
        <line num="37" count="1" type="stmt"/>
        <line num="40" count="9" type="cond" truecount="1" falsecount="1"/>
        <line num="43" count="9" type="stmt"/>
        <line num="44" count="9" type="stmt"/>
        <line num="48" count="35" type="stmt"/>
        <line num="49" count="4" type="stmt"/>
        <line num="50" count="4" type="stmt"/>
        <line num="51" count="4" type="stmt"/>
        <line num="52" count="4" type="stmt"/>
        <line num="53" count="4" type="stmt"/>
        <line num="57" count="4" type="stmt"/>
        <line num="58" count="4" type="stmt"/>
        <line num="59" count="4" type="stmt"/>
        <line num="61" count="0" type="cond" truecount="0" falsecount="2"/>
        <line num="63" count="4" type="stmt"/>
        <line num="67" count="35" type="stmt"/>
        <line num="68" count="2" type="cond" truecount="1" falsecount="1"/>
        <line num="69" count="2" type="stmt"/>
        <line num="70" count="2" type="stmt"/>
        <line num="71" count="2" type="stmt"/>
        <line num="75" count="2" type="stmt"/>
        <line num="76" count="2" type="stmt"/>
        <line num="78" count="0" type="cond" truecount="0" falsecount="2"/>
        <line num="82" count="35" type="stmt"/>
        <line num="83" count="1" type="stmt"/>
        <line num="84" count="1" type="stmt"/>
        <line num="85" count="1" type="stmt"/>
        <line num="88" count="1" type="stmt"/>
        <line num="89" count="1" type="stmt"/>
        <line num="91" count="0" type="cond" truecount="0" falsecount="2"/>
        <line num="95" count="35" type="stmt"/>
        <line num="96" count="1" type="stmt"/>
        <line num="97" count="1" type="stmt"/>
        <line num="98" count="1" type="stmt"/>
        <line num="99" count="1" type="stmt"/>
        <line num="100" count="1" type="stmt"/>
        <line num="101" count="1" type="stmt"/>
        <line num="104" count="1" type="stmt"/>
        <line num="105" count="1" type="stmt"/>
        <line num="106" count="1" type="stmt"/>
        <line num="108" count="0" type="cond" truecount="0" falsecount="2"/>
        <line num="110" count="1" type="stmt"/>
        <line num="114" count="35" type="stmt"/>
        <line num="116" count="35" type="stmt"/>
        <line num="136" count="2" type="stmt"/>
        <line num="187" count="48" type="stmt"/>
        <line num="200" count="4" type="stmt"/>
        <line num="213" count="0" type="stmt"/>
        <line num="214" count="0" type="cond" truecount="0" falsecount="2"/>
        <line num="226" count="0" type="stmt"/>
      </file>
    </package>
    <package name="src.lib">
      <metrics statements="52" coveredstatements="50" conditionals="57" coveredconditionals="44" methods="6" coveredmethods="6"/>
      <file name="api.js" path="C:\Users\adria\Downloads\Proyecto_ingSoftware2-main\Proyecto_ingSoftware2-main\src\lib\api.js">
        <metrics statements="22" coveredstatements="22" conditionals="24" coveredconditionals="17" methods="1" coveredmethods="1"/>
        <line num="12" count="4" type="stmt"/>
        <line num="13" count="4" type="stmt"/>
        <line num="14" count="4" type="stmt"/>
        <line num="19" count="4" type="cond" truecount="2" falsecount="0"/>
        <line num="20" count="1" type="stmt"/>
        <line num="23" count="4" type="cond" truecount="1" falsecount="1"/>
        <line num="25" count="4" type="stmt"/>
        <line num="30" count="4" type="stmt"/>
        <line num="31" count="4" type="stmt"/>
        <line num="32" count="4" type="cond" truecount="1" falsecount="1"/>
        <line num="33" count="4" type="stmt"/>
        <line num="34" count="4" type="stmt"/>
        <line num="37" count="1" type="cond" truecount="2" falsecount="0"/>
        <line num="38" count="1" type="stmt"/>
        <line num="46" count="4" type="cond" truecount="2" falsecount="0"/>
        <line num="47" count="3" type="stmt"/>
        <line num="52" count="3" type="cond" truecount="4" falsecount="0"/>
        <line num="53" count="1" type="stmt"/>
        <line num="54" count="1" type="stmt"/>
        <line num="55" count="1" type="stmt"/>
        <line num="57" count="3" type="stmt"/>
        <line num="60" count="1" type="stmt"/>
      </file>
      <file name="apiTypes.js" path="C:\Users\adria\Downloads\Proyecto_ingSoftware2-main\Proyecto_ingSoftware2-main\src\lib\apiTypes.js">
        <metrics statements="13" coveredstatements="13" conditionals="14" coveredconditionals="12" methods="2" coveredmethods="2"/>
        <line num="3" count="7" type="stmt"/>
        <line num="4" count="7" type="stmt"/>
        <line num="5" count="7" type="stmt"/>
        <line num="6" count="7" type="stmt"/>
        <line num="12" count="5" type="cond" truecount="4" falsecount="0"/>
        <line num="13" count="2" type="stmt"/>
        <line num="14" count="2" type="cond" truecount="4" falsecount="0"/>
        <line num="15" count="1" type="stmt"/>
        <line num="16" count="1" type="stmt"/>
        <line num="17" count="2" type="cond" truecount="1" falsecount="1"/>
        <line num="18" count="2" type="stmt"/>
        <line num="19" count="2" type="cond" truecount="3" falsecount="1"/>
        <line num="22" count="1" type="stmt"/>
      </file>
      <file name="config.js" path="C:\Users\adria\Downloads\Proyecto_ingSoftware2-main\Proyecto_ingSoftware2-main\src\lib\config.js">
        <metrics statements="16" coveredstatements="14" conditionals="19" coveredconditionals="15" methods="2" coveredmethods="2"/>
        <line num="1" count="6" type="stmt"/>
        <line num="4" count="13" type="cond" truecount="1" falsecount="1"/>
        <line num="14" count="13" type="stmt"/>
        <line num="15" count="13" type="cond" truecount="1" falsecount="1"/>
        <line num="17" count="13" type="cond" truecount="4" falsecount="0"/>
        <line num="18" count="1" type="stmt"/>
        <line num="22" count="12" type="cond" truecount="5" falsecount="0"/>
        <line num="26" count="12" type="cond" truecount="3" falsecount="1"/>
        <line num="27" count="12" type="stmt"/>
        <line num="28" count="12" type="stmt"/>
        <line num="29" count="12" type="stmt"/>
        <line num="30" count="12" type="cond" truecount="1" falsecount="1"/>
        <line num="31" count="0" type="stmt"/>
        <line num="34" count="0" type="stmt"/>
        <line num="38" count="12" type="stmt"/>
        <line num="42" count="6" type="stmt"/>
      </file>
      <file name="formatMoney.js" path="C:\Users\adria\Downloads\Proyecto_ingSoftware2-main\Proyecto_ingSoftware2-main\src\lib\formatMoney.js">
        <metrics statements="1" coveredstatements="1" conditionals="0" coveredconditionals="0" methods="1" coveredmethods="1"/>
        <line num="2" count="111" type="stmt"/>
      </file>
    </package>
  </project>
</coverage>
