<?xml version="1.0" encoding="UTF-8"?>
<coverage generated="1779640855718" clover="3.2.0">
  <project timestamp="1779640855718" name="All files">
    <metrics statements="291" coveredstatements="291" conditionals="179" coveredconditionals="179" methods="64" coveredmethods="64" elements="534" coveredelements="534" complexity="0" loc="291" ncloc="291" packages="3" files="11" classes="11"/>
    <package name="src">
      <metrics statements="29" coveredstatements="29" conditionals="13" coveredconditionals="13" methods="10" coveredmethods="10"/>
      <file name="App.jsx" path="C:\Users\Lenovo\OneDrive\universidad\Ingenieria de software\Proyecto_ingSoftware2-master\Proyecto_ingSoftware2-master\src\App.jsx">
        <metrics statements="29" coveredstatements="29" conditionals="13" coveredconditionals="13" methods="10" coveredmethods="10"/>
        <line num="7" count="11" type="stmt"/>
        <line num="8" count="11" type="stmt"/>
        <line num="9" count="11" type="cond" truecount="2" falsecount="0"/>
        <line num="11" count="1" type="stmt"/>
        <line num="16" count="11" type="stmt"/>
        <line num="17" count="11" type="stmt"/>
        <line num="18" count="11" type="cond" truecount="4" falsecount="0"/>
        <line num="19" count="4" type="stmt"/>
        <line num="21" count="7" type="stmt"/>
        <line num="25" count="11" type="stmt"/>
        <line num="26" count="11" type="stmt"/>
        <line num="27" count="11" type="stmt"/>
        <line num="29" count="11" type="stmt"/>
        <line num="30" count="6" type="stmt"/>
        <line num="31" count="1" type="stmt"/>
        <line num="32" count="1" type="stmt"/>
        <line num="34" count="6" type="stmt"/>
        <line num="35" count="6" type="stmt"/>
        <line num="38" count="11" type="stmt"/>
        <line num="39" count="1" type="stmt"/>
        <line num="40" count="1" type="stmt"/>
        <line num="43" count="11" type="stmt"/>
        <line num="44" count="1" type="stmt"/>
        <line num="45" count="1" type="stmt"/>
        <line num="46" count="1" type="stmt"/>
        <line num="47" count="1" type="stmt"/>
        <line num="50" count="11" type="stmt"/>
        <line num="54" count="1" type="stmt"/>
        <line num="59" count="1" type="stmt"/>
      </file>
    </package>
    <package name="src.componentes">
      <metrics statements="210" coveredstatements="210" conditionals="113" coveredconditionals="113" methods="48" coveredmethods="48"/>
      <file name="Cart.jsx" path="C:\Users\Lenovo\OneDrive\universidad\Ingenieria de software\Proyecto_ingSoftware2-master\Proyecto_ingSoftware2-master\src\componentes\Cart.jsx">
        <metrics statements="2" coveredstatements="2" conditionals="3" coveredconditionals="3" methods="2" coveredmethods="2"/>
        <line num="13" count="406" type="stmt"/>
        <line num="20" count="315" type="stmt"/>
      </file>
      <file name="CartItem.jsx" path="C:\Users\Lenovo\OneDrive\universidad\Ingenieria de software\Proyecto_ingSoftware2-master\Proyecto_ingSoftware2-master\src\componentes\CartItem.jsx">
        <metrics statements="4" coveredstatements="4" conditionals="0" coveredconditionals="0" methods="4" coveredmethods="4"/>
        <line num="7" count="320" type="stmt"/>
        <line num="22" count="1" type="stmt"/>
        <line num="32" count="5" type="stmt"/>
        <line num="41" count="4" type="stmt"/>
      </file>
      <file name="CheckoutButton.jsx" path="C:\Users\Lenovo\OneDrive\universidad\Ingenieria de software\Proyecto_ingSoftware2-master\Proyecto_ingSoftware2-master\src\componentes\CheckoutButton.jsx">
        <metrics statements="1" coveredstatements="1" conditionals="4" coveredconditionals="4" methods="1" coveredmethods="1"/>
        <line num="2" count="414" type="stmt"/>
      </file>
      <file name="Login.jsx" path="C:\Users\Lenovo\OneDrive\universidad\Ingenieria de software\Proyecto_ingSoftware2-master\Proyecto_ingSoftware2-master\src\componentes\Login.jsx">
        <metrics statements="24" coveredstatements="24" conditionals="12" coveredconditionals="12" methods="4" coveredmethods="4"/>
        <line num="6" count="96" type="stmt"/>
        <line num="7" count="96" type="stmt"/>
        <line num="8" count="96" type="stmt"/>
        <line num="9" count="96" type="stmt"/>
        <line num="11" count="96" type="stmt"/>
        <line num="12" count="5" type="stmt"/>
        <line num="13" count="5" type="stmt"/>
        <line num="14" count="5" type="cond" truecount="4" falsecount="0"/>
        <line num="15" count="1" type="stmt"/>
        <line num="16" count="1" type="stmt"/>
        <line num="19" count="4" type="stmt"/>
        <line num="20" count="4" type="stmt"/>
        <line num="21" count="4" type="stmt"/>
        <line num="25" count="2" type="stmt"/>
        <line num="26" count="2" type="stmt"/>
        <line num="27" count="2" type="stmt"/>
        <line num="29" count="2" type="cond" truecount="2" falsecount="0"/>
        <line num="30" count="1" type="stmt"/>
        <line num="31" count="1" type="cond" truecount="2" falsecount="0"/>
        <line num="33" count="1" type="stmt"/>
        <line num="36" count="4" type="stmt"/>
        <line num="40" count="96" type="stmt"/>
        <line num="65" count="44" type="stmt"/>
        <line num="76" count="32" type="stmt"/>
      </file>
      <file name="Registro.jsx" path="C:\Users\Lenovo\OneDrive\universidad\Ingenieria de software\Proyecto_ingSoftware2-master\Proyecto_ingSoftware2-master\src\componentes\Registro.jsx">
        <metrics statements="43" coveredstatements="43" conditionals="22" coveredconditionals="22" methods="7" coveredmethods="7"/>
        <line num="6" count="209" type="stmt"/>
        <line num="7" count="209" type="stmt"/>
        <line num="8" count="209" type="stmt"/>
        <line num="9" count="209" type="stmt"/>
        <line num="10" count="209" type="stmt"/>
        <line num="11" count="209" type="stmt"/>
        <line num="12" count="209" type="stmt"/>
        <line num="14" count="209" type="stmt"/>
        <line num="15" count="7" type="stmt"/>
        <line num="16" count="7" type="stmt"/>
        <line num="17" count="7" type="stmt"/>
        <line num="19" count="7" type="stmt"/>
        <line num="20" count="7" type="cond" truecount="6" falsecount="0"/>
        <line num="21" count="1" type="stmt"/>
        <line num="22" count="1" type="stmt"/>
        <line num="24" count="6" type="cond" truecount="2" falsecount="0"/>
        <line num="25" count="1" type="stmt"/>
        <line num="26" count="1" type="stmt"/>
        <line num="28" count="5" type="cond" truecount="2" falsecount="0"/>
        <line num="29" count="1" type="stmt"/>
        <line num="30" count="1" type="stmt"/>
        <line num="32" count="4" type="cond" truecount="2" falsecount="0"/>
        <line num="33" count="1" type="stmt"/>
        <line num="34" count="1" type="stmt"/>
        <line num="37" count="3" type="stmt"/>
        <line num="38" count="3" type="stmt"/>
        <line num="39" count="3" type="stmt"/>
        <line num="47" count="1" type="stmt"/>
        <line num="48" count="1" type="stmt"/>
        <line num="49" count="1" type="stmt"/>
        <line num="50" count="1" type="stmt"/>
        <line num="51" count="1" type="stmt"/>
        <line num="52" count="1" type="stmt"/>
        <line num="54" count="2" type="cond" truecount="2" falsecount="0"/>
        <line num="55" count="1" type="stmt"/>
        <line num="56" count="1" type="cond" truecount="2" falsecount="0"/>
        <line num="58" count="1" type="stmt"/>
        <line num="61" count="3" type="stmt"/>
        <line num="65" count="209" type="stmt"/>
        <line num="89" count="40" type="stmt"/>
        <line num="100" count="60" type="stmt"/>
        <line num="111" count="45" type="stmt"/>
        <line num="122" count="45" type="stmt"/>
      </file>
      <file name="Tienda.jsx" path="C:\Users\Lenovo\OneDrive\universidad\Ingenieria de software\Proyecto_ingSoftware2-master\Proyecto_ingSoftware2-master\src\componentes\Tienda.jsx">
        <metrics statements="136" coveredstatements="136" conditionals="72" coveredconditionals="72" methods="30" coveredmethods="30"/>
        <line num="8" count="2" type="stmt"/>
        <line num="16" count="9" type="stmt"/>
        <line num="25" count="6" type="stmt"/>
        <line num="26" count="6" type="stmt"/>
        <line num="27" count="6" type="stmt"/>
        <line num="28" count="6" type="stmt"/>
        <line num="29" count="6" type="stmt"/>
        <line num="36" count="9" type="stmt"/>
        <line num="37" count="9" type="cond" truecount="2" falsecount="0"/>
        <line num="38" count="1" type="stmt"/>
        <line num="40" count="8" type="cond" truecount="2" falsecount="0"/>
        <line num="41" count="1" type="stmt"/>
        <line num="43" count="7" type="cond" truecount="2" falsecount="0"/>
        <line num="44" count="1" type="stmt"/>
        <line num="46" count="6" type="cond" truecount="2" falsecount="0"/>
        <line num="47" count="1" type="stmt"/>
        <line num="49" count="5" type="cond" truecount="2" falsecount="0"/>
        <line num="50" count="1" type="stmt"/>
        <line num="52" count="4" type="stmt"/>
        <line num="56" count="414" type="stmt"/>
        <line num="57" count="414" type="stmt"/>
        <line num="58" count="414" type="stmt"/>
        <line num="59" count="414" type="stmt"/>
        <line num="60" count="414" type="stmt"/>
        <line num="61" count="414" type="stmt"/>
        <line num="62" count="414" type="stmt"/>
        <line num="63" count="414" type="stmt"/>
        <line num="64" count="414" type="stmt"/>
        <line num="65" count="414" type="stmt"/>
        <line num="66" count="414" type="stmt"/>
        <line num="67" count="414" type="stmt"/>
        <line num="68" count="414" type="stmt"/>
        <line num="70" count="414" type="stmt"/>
        <line num="71" count="54" type="stmt"/>
        <line num="72" count="52" type="stmt"/>
        <line num="75" count="414" type="stmt"/>
        <line num="76" count="32" type="stmt"/>
        <line num="77" count="30" type="stmt"/>
        <line num="80" count="414" type="stmt"/>
        <line num="81" count="30" type="stmt"/>
        <line num="82" count="30" type="stmt"/>
        <line num="83" count="30" type="stmt"/>
        <line num="84" count="30" type="stmt"/>
        <line num="85" count="30" type="stmt"/>
        <line num="86" count="30" type="stmt"/>
        <line num="88" count="2" type="cond" truecount="4" falsecount="0"/>
        <line num="89" count="1" type="stmt"/>
        <line num="92" count="30" type="cond" truecount="2" falsecount="0"/>
        <line num="95" count="30" type="stmt"/>
        <line num="96" count="30" type="stmt"/>
        <line num="100" count="414" type="stmt"/>
        <line num="101" count="21" type="stmt"/>
        <line num="102" count="21" type="stmt"/>
        <line num="103" count="21" type="stmt"/>
        <line num="104" count="21" type="stmt"/>
        <line num="105" count="21" type="stmt"/>
        <line num="106" count="21" type="stmt"/>
        <line num="107" count="21" type="stmt"/>
        <line num="108" count="21" type="stmt"/>
        <line num="112" count="19" type="stmt"/>
        <line num="113" count="19" type="stmt"/>
        <line num="114" count="19" type="stmt"/>
        <line num="116" count="2" type="cond" truecount="2" falsecount="0"/>
        <line num="118" count="21" type="stmt"/>
        <line num="122" count="414" type="stmt"/>
        <line num="123" count="4" type="stmt"/>
        <line num="124" count="4" type="stmt"/>
        <line num="125" count="4" type="stmt"/>
        <line num="126" count="4" type="stmt"/>
        <line num="127" count="4" type="stmt"/>
        <line num="128" count="4" type="stmt"/>
        <line num="132" count="2" type="stmt"/>
        <line num="133" count="2" type="stmt"/>
        <line num="135" count="2" type="cond" truecount="2" falsecount="0"/>
        <line num="139" count="414" type="stmt"/>
        <line num="140" count="3" type="stmt"/>
        <line num="141" count="3" type="stmt"/>
        <line num="142" count="3" type="stmt"/>
        <line num="143" count="3" type="stmt"/>
        <line num="144" count="3" type="stmt"/>
        <line num="145" count="3" type="stmt"/>
        <line num="148" count="1" type="stmt"/>
        <line num="149" count="1" type="stmt"/>
        <line num="151" count="2" type="cond" truecount="2" falsecount="0"/>
        <line num="155" count="414" type="stmt"/>
        <line num="156" count="3" type="stmt"/>
        <line num="157" count="3" type="stmt"/>
        <line num="158" count="3" type="stmt"/>
        <line num="159" count="3" type="stmt"/>
        <line num="160" count="3" type="stmt"/>
        <line num="161" count="3" type="stmt"/>
        <line num="162" count="3" type="stmt"/>
        <line num="163" count="3" type="stmt"/>
        <line num="164" count="1" type="stmt"/>
        <line num="166" count="2" type="cond" truecount="2" falsecount="0"/>
        <line num="168" count="3" type="stmt"/>
        <line num="172" count="414" type="stmt"/>
        <line num="173" count="9" type="stmt"/>
        <line num="174" count="9" type="stmt"/>
        <line num="175" count="9" type="stmt"/>
        <line num="176" count="9" type="stmt"/>
        <line num="177" count="9" type="stmt"/>
        <line num="178" count="9" type="cond" truecount="2" falsecount="0"/>
        <line num="179" count="5" type="stmt"/>
        <line num="180" count="5" type="stmt"/>
        <line num="182" count="4" type="stmt"/>
        <line num="183" count="4" type="stmt"/>
        <line num="184" count="4" type="stmt"/>
        <line num="187" count="4" type="stmt"/>
        <line num="188" count="4" type="stmt"/>
        <line num="192" count="2" type="stmt"/>
        <line num="195" count="2" type="stmt"/>
        <line num="201" count="2" type="stmt"/>
        <line num="202" count="2" type="stmt"/>
        <line num="203" count="2" type="stmt"/>
        <line num="204" count="2" type="stmt"/>
        <line num="205" count="2" type="stmt"/>
        <line num="207" count="2" type="cond" truecount="2" falsecount="0"/>
        <line num="209" count="4" type="stmt"/>
        <line num="213" count="414" type="stmt"/>
        <line num="214" count="414" type="stmt"/>
        <line num="215" count="265" type="stmt"/>
        <line num="218" count="414" type="stmt"/>
        <line num="238" count="9" type="stmt"/>
        <line num="289" count="762" type="stmt"/>
        <line num="302" count="21" type="stmt"/>
        <line num="315" count="1" type="stmt"/>
        <line num="316" count="2" type="cond" truecount="2" falsecount="0"/>
        <line num="328" count="1" type="stmt"/>
        <line num="353" count="2" type="stmt"/>
        <line num="387" count="88" type="stmt"/>
        <line num="400" count="115" type="stmt"/>
        <line num="413" count="40" type="stmt"/>
        <line num="426" count="22" type="stmt"/>
        <line num="471" count="9" type="stmt"/>
        <line num="472" count="9" type="stmt"/>
      </file>
    </package>
    <package name="src.lib">
      <metrics statements="52" coveredstatements="52" conditionals="53" coveredconditionals="53" methods="6" coveredmethods="6"/>
      <file name="api.js" path="C:\Users\Lenovo\OneDrive\universidad\Ingenieria de software\Proyecto_ingSoftware2-master\Proyecto_ingSoftware2-master\src\lib\api.js">
        <metrics statements="22" coveredstatements="22" conditionals="22" coveredconditionals="22" methods="1" coveredmethods="1"/>
        <line num="12" count="8" type="stmt"/>
        <line num="13" count="8" type="stmt"/>
        <line num="14" count="8" type="stmt"/>
        <line num="19" count="8" type="cond" truecount="2" falsecount="0"/>
        <line num="20" count="1" type="stmt"/>
        <line num="23" count="8" type="cond" truecount="2" falsecount="0"/>
        <line num="25" count="8" type="stmt"/>
        <line num="30" count="8" type="stmt"/>
        <line num="31" count="8" type="stmt"/>
        <line num="32" count="8" type="cond" truecount="2" falsecount="0"/>
        <line num="33" count="6" type="stmt"/>
        <line num="34" count="6" type="stmt"/>
        <line num="37" count="2" type="cond" truecount="2" falsecount="0"/>
        <line num="38" count="2" type="stmt"/>
        <line num="46" count="8" type="cond" truecount="2" falsecount="0"/>
        <line num="47" count="6" type="stmt"/>
        <line num="52" count="6" type="cond" truecount="4" falsecount="0"/>
        <line num="53" count="1" type="stmt"/>
        <line num="54" count="1" type="stmt"/>
        <line num="55" count="1" type="stmt"/>
        <line num="57" count="6" type="stmt"/>
        <line num="60" count="2" type="stmt"/>
      </file>
      <file name="apiTypes.js" path="C:\Users\Lenovo\OneDrive\universidad\Ingenieria de software\Proyecto_ingSoftware2-master\Proyecto_ingSoftware2-master\src\lib\apiTypes.js">
        <metrics statements="13" coveredstatements="13" conditionals="14" coveredconditionals="14" methods="2" coveredmethods="2"/>
        <line num="3" count="15" type="stmt"/>
        <line num="4" count="15" type="stmt"/>
        <line num="5" count="15" type="stmt"/>
        <line num="6" count="15" type="stmt"/>
        <line num="12" count="6" type="cond" truecount="4" falsecount="0"/>
        <line num="13" count="3" type="stmt"/>
        <line num="14" count="3" type="cond" truecount="4" falsecount="0"/>
        <line num="15" count="2" type="stmt"/>
        <line num="16" count="2" type="stmt"/>
        <line num="17" count="4" type="cond" truecount="2" falsecount="0"/>
        <line num="18" count="3" type="stmt"/>
        <line num="19" count="6" type="cond" truecount="4" falsecount="0"/>
        <line num="22" count="2" type="stmt"/>
      </file>
      <file name="config.js" path="C:\Users\Lenovo\OneDrive\universidad\Ingenieria de software\Proyecto_ingSoftware2-master\Proyecto_ingSoftware2-master\src\lib\config.js">
        <metrics statements="16" coveredstatements="16" conditionals="17" coveredconditionals="17" methods="2" coveredmethods="2"/>
        <line num="1" count="7" type="stmt"/>
        <line num="4" count="22" type="cond" truecount="2" falsecount="0"/>
        <line num="14" count="22" type="stmt"/>
        <line num="15" count="22" type="cond" truecount="2" falsecount="0"/>
        <line num="17" count="22" type="cond" truecount="4" falsecount="0"/>
        <line num="18" count="1" type="stmt"/>
        <line num="22" count="21" type="cond" truecount="5" falsecount="0"/>
        <line num="26" count="21" type="cond" truecount="2" falsecount="0"/>
        <line num="27" count="19" type="stmt"/>
        <line num="28" count="19" type="stmt"/>
        <line num="29" count="19" type="stmt"/>
        <line num="30" count="18" type="cond" truecount="2" falsecount="0"/>
        <line num="31" count="1" type="stmt"/>
        <line num="34" count="1" type="stmt"/>
        <line num="38" count="19" type="stmt"/>
        <line num="42" count="7" type="stmt"/>
      </file>
      <file name="formatMoney.js" path="C:\Users\Lenovo\OneDrive\universidad\Ingenieria de software\Proyecto_ingSoftware2-master\Proyecto_ingSoftware2-master\src\lib\formatMoney.js">
        <metrics statements="1" coveredstatements="1" conditionals="0" coveredconditionals="0" methods="1" coveredmethods="1"/>
        <line num="2" count="1815" type="stmt"/>
      </file>
    </package>
  </project>
</coverage>
