{"C:\\Users\\adria\\Downloads\\Proyecto_ingSoftware2-main\\Proyecto_ingSoftware2-main\\src\\App.jsx": {"path":"C:\\Users\\adria\\Downloads\\Proyecto_ingSoftware2-main\\Proyecto_ingSoftware2-main\\src\\App.jsx","statementMap":{"0":{"start":{"line":7,"column":2},"end":{"line":12,"column":3}},"1":{"start":{"line":8,"column":16},"end":{"line":8,"column":51}},"2":{"start":{"line":9,"column":4},"end":{"line":9,"column":39}},"3":{"start":{"line":11,"column":4},"end":{"line":11,"column":15}},"4":{"start":{"line":16,"column":16},"end":{"line":16,"column":52}},"5":{"start":{"line":17,"column":12},"end":{"line":17,"column":33}},"6":{"start":{"line":18,"column":2},"end":{"line":20,"column":3}},"7":{"start":{"line":19,"column":4},"end":{"line":19,"column":45}},"8":{"start":{"line":21,"column":2},"end":{"line":21,"column":45}},"9":{"start":{"line":25,"column":18},"end":{"line":25,"column":39}},"10":{"start":{"line":26,"column":34},"end":{"line":26,"column":60}},"11":{"start":{"line":27,"column":32},"end":{"line":27,"column":57}},"12":{"start":{"line":29,"column":2},"end":{"line":36,"column":8}},"13":{"start":{"line":30,"column":22},"end":{"line":33,"column":5}},"14":{"start":{"line":31,"column":6},"end":{"line":31,"column":22}},"15":{"start":{"line":32,"column":6},"end":{"line":32,"column":26}},"16":{"start":{"line":34,"column":4},"end":{"line":34,"column":64}},"17":{"start":{"line":35,"column":4},"end":{"line":35,"column":80}},"18":{"start":{"line":35,"column":17},"end":{"line":35,"column":80}},"19":{"start":{"line":38,"column":21},"end":{"line":41,"column":3}},"20":{"start":{"line":39,"column":4},"end":{"line":39,"column":17}},"21":{"start":{"line":40,"column":4},"end":{"line":40,"column":25}},"22":{"start":{"line":43,"column":23},"end":{"line":48,"column":3}},"23":{"start":{"line":44,"column":4},"end":{"line":44,"column":43}},"24":{"start":{"line":45,"column":4},"end":{"line":45,"column":42}},"25":{"start":{"line":46,"column":4},"end":{"line":46,"column":20}},"26":{"start":{"line":47,"column":4},"end":{"line":47,"column":24}},"27":{"start":{"line":50,"column":2},"end":{"line":65,"column":3}},"28":{"start":{"line":54,"column":30},"end":{"line":54,"column":53}},"29":{"start":{"line":59,"column":35},"end":{"line":59,"column":55}}},"fnMap":{"0":{"name":"leerUsuarioGuardado","decl":{"start":{"line":6,"column":9},"end":{"line":6,"column":28}},"loc":{"start":{"line":6,"column":31},"end":{"line":13,"column":1}},"line":6},"1":{"name":"estadoInicialSesion","decl":{"start":{"line":15,"column":9},"end":{"line":15,"column":28}},"loc":{"start":{"line":15,"column":31},"end":{"line":22,"column":1}},"line":15},"2":{"name":"App","decl":{"start":{"line":24,"column":9},"end":{"line":24,"column":12}},"loc":{"start":{"line":24,"column":15},"end":{"line":66,"column":1}},"line":24},"3":{"name":"(anonymous_3)","decl":{"start":{"line":29,"column":12},"end":{"line":29,"column":13}},"loc":{"start":{"line":29,"column":18},"end":{"line":36,"column":3}},"line":29},"4":{"name":"(anonymous_4)","decl":{"start":{"line":30,"column":22},"end":{"line":30,"column":23}},"loc":{"start":{"line":30,"column":28},"end":{"line":33,"column":5}},"line":30},"5":{"name":"(anonymous_5)","decl":{"start":{"line":35,"column":11},"end":{"line":35,"column":12}},"loc":{"start":{"line":35,"column":17},"end":{"line":35,"column":80}},"line":35},"6":{"name":"(anonymous_6)","decl":{"start":{"line":38,"column":21},"end":{"line":38,"column":22}},"loc":{"start":{"line":38,"column":28},"end":{"line":41,"column":3}},"line":38},"7":{"name":"(anonymous_7)","decl":{"start":{"line":43,"column":23},"end":{"line":43,"column":24}},"loc":{"start":{"line":43,"column":29},"end":{"line":48,"column":3}},"line":43},"8":{"name":"(anonymous_8)","decl":{"start":{"line":54,"column":24},"end":{"line":54,"column":25}},"loc":{"start":{"line":54,"column":30},"end":{"line":54,"column":53}},"line":54},"9":{"name":"(anonymous_9)","decl":{"start":{"line":59,"column":29},"end":{"line":59,"column":30}},"loc":{"start":{"line":59,"column":35},"end":{"line":59,"column":55}},"line":59}},"branchMap":{"0":{"loc":{"start":{"line":9,"column":11},"end":{"line":9,"column":39}},"type":"cond-expr","locations":[{"start":{"line":9,"column":17},"end":{"line":9,"column":32}},{"start":{"line":9,"column":35},"end":{"line":9,"column":39}}],"line":9},"1":{"loc":{"start":{"line":18,"column":2},"end":{"line":20,"column":3}},"type":"if","locations":[{"start":{"line":18,"column":2},"end":{"line":20,"column":3}},{"start":{},"end":{}}],"line":18},"2":{"loc":{"start":{"line":18,"column":6},"end":{"line":18,"column":16}},"type":"binary-expr","locations":[{"start":{"line":18,"column":6},"end":{"line":18,"column":11}},{"start":{"line":18,"column":15},"end":{"line":18,"column":16}}],"line":18},"3":{"loc":{"start":{"line":52,"column":7},"end":{"line":57,"column":7}},"type":"binary-expr","locations":[{"start":{"line":52,"column":7},"end":{"line":52,"column":27}},{"start":{"line":53,"column":8},"end":{"line":56,"column":10}}],"line":52},"4":{"loc":{"start":{"line":58,"column":7},"end":{"line":60,"column":7}},"type":"binary-expr","locations":[{"start":{"line":58,"column":7},"end":{"line":58,"column":30}},{"start":{"line":59,"column":8},"end":{"line":59,"column":59}}],"line":58},"5":{"loc":{"start":{"line":61,"column":7},"end":{"line":63,"column":7}},"type":"binary-expr","locations":[{"start":{"line":61,"column":7},"end":{"line":61,"column":28}},{"start":{"line":61,"column":32},"end":{"line":61,"column":39}},{"start":{"line":62,"column":8},"end":{"line":62,"column":66}}],"line":61}},"s":{"0":4,"1":4,"2":4,"3":0,"4":4,"5":4,"6":4,"7":3,"8":1,"9":4,"10":4,"11":4,"12":4,"13":3,"14":1,"15":1,"16":3,"17":3,"18":3,"19":4,"20":0,"21":0,"22":4,"23":0,"24":0,"25":0,"26":0,"27":4,"28":0,"29":0},"f":{"0":4,"1":4,"2":4,"3":3,"4":1,"5":3,"6":0,"7":0,"8":0,"9":0},"b":{"0":[3,1],"1":[3,1],"2":[4,3],"3":[4,2],"4":[4,0],"5":[4,2,2]},"_coverageSchema":"1a1c01bbd47fc00a2c39e90264f33305004495a9","hash":"1c03ee56a1cc284c904a219726a5d39944f28b67"}
,"C:\\Users\\adria\\Downloads\\Proyecto_ingSoftware2-main\\Proyecto_ingSoftware2-main\\src\\componentes\\Cart.jsx": {"path":"C:\\Users\\adria\\Downloads\\Proyecto_ingSoftware2-main\\Proyecto_ingSoftware2-main\\src\\componentes\\Cart.jsx","statementMap":{"0":{"start":{"line":12,"column":2},"end":{"line":36,"column":3}},"1":{"start":{"line":19,"column":12},"end":{"line":24,"column":14}}},"fnMap":{"0":{"name":"Cart","decl":{"start":{"line":4,"column":9},"end":{"line":4,"column":13}},"loc":{"start":{"line":11,"column":3},"end":{"line":37,"column":1}},"line":11},"1":{"name":"(anonymous_1)","decl":{"start":{"line":18,"column":21},"end":{"line":18,"column":22}},"loc":{"start":{"line":19,"column":12},"end":{"line":24,"column":14}},"line":19}},"branchMap":{"0":{"loc":{"start":{"line":7,"column":2},"end":{"line":7,"column":31}},"type":"default-arg","locations":[{"start":{"line":7,"column":15},"end":{"line":7,"column":31}}],"line":7},"1":{"loc":{"start":{"line":14,"column":7},"end":{"line":27,"column":7}},"type":"cond-expr","locations":[{"start":{"line":15,"column":8},"end":{"line":15,"column":45}},{"start":{"line":17,"column":8},"end":{"line":26,"column":13}}],"line":14}},"s":{"0":33,"1":9},"f":{"0":33,"1":9},"b":{"0":[2],"1":[25,8]},"_coverageSchema":"1a1c01bbd47fc00a2c39e90264f33305004495a9","hash":"8704567c2aafc75ba78fb8216c0ff561fff34a70"}
,"C:\\Users\\adria\\Downloads\\Proyecto_ingSoftware2-main\\Proyecto_ingSoftware2-main\\src\\componentes\\CartItem.jsx": {"path":"C:\\Users\\adria\\Downloads\\Proyecto_ingSoftware2-main\\Proyecto_ingSoftware2-main\\src\\componentes\\CartItem.jsx","statementMap":{"0":{"start":{"line":7,"column":2},"end":{"line":48,"column":3}},"1":{"start":{"line":22,"column":27},"end":{"line":22,"column":71}},"2":{"start":{"line":32,"column":27},"end":{"line":32,"column":71}},"3":{"start":{"line":41,"column":25},"end":{"line":41,"column":42}}},"fnMap":{"0":{"name":"CartItem","decl":{"start":{"line":6,"column":9},"end":{"line":6,"column":17}},"loc":{"start":{"line":6,"column":56},"end":{"line":49,"column":1}},"line":6},"1":{"name":"(anonymous_1)","decl":{"start":{"line":22,"column":21},"end":{"line":22,"column":22}},"loc":{"start":{"line":22,"column":27},"end":{"line":22,"column":71}},"line":22},"2":{"name":"(anonymous_2)","decl":{"start":{"line":32,"column":21},"end":{"line":32,"column":22}},"loc":{"start":{"line":32,"column":27},"end":{"line":32,"column":71}},"line":32},"3":{"name":"(anonymous_3)","decl":{"start":{"line":41,"column":19},"end":{"line":41,"column":20}},"loc":{"start":{"line":41,"column":25},"end":{"line":41,"column":42}},"line":41}},"branchMap":{},"s":{"0":14,"1":1,"2":3,"3":2},"f":{"0":14,"1":1,"2":3,"3":2},"b":{},"_coverageSchema":"1a1c01bbd47fc00a2c39e90264f33305004495a9","hash":"108d760f1d35be2f75448146417c0934fab719ac"}
,"C:\\Users\\adria\\Downloads\\Proyecto_ingSoftware2-main\\Proyecto_ingSoftware2-main\\src\\componentes\\CheckoutButton.jsx": {"path":"C:\\Users\\adria\\Downloads\\Proyecto_ingSoftware2-main\\Proyecto_ingSoftware2-main\\src\\componentes\\CheckoutButton.jsx","statementMap":{"0":{"start":{"line":2,"column":2},"end":{"line":12,"column":3}}},"fnMap":{"0":{"name":"CheckoutButton","decl":{"start":{"line":1,"column":9},"end":{"line":1,"column":23}},"loc":{"start":{"line":1,"column":66},"end":{"line":13,"column":1}},"line":1}},"branchMap":{"0":{"loc":{"start":{"line":10,"column":7},"end":{"line":10,"column":49}},"type":"cond-expr","locations":[{"start":{"line":10,"column":17},"end":{"line":10,"column":20}},{"start":{"line":10,"column":23},"end":{"line":10,"column":49}}],"line":10},"1":{"loc":{"start":{"line":10,"column":23},"end":{"line":10,"column":49}},"type":"binary-expr","locations":[{"start":{"line":10,"column":23},"end":{"line":10,"column":31}},{"start":{"line":10,"column":35},"end":{"line":10,"column":49}}],"line":10}},"s":{"0":40},"f":{"0":40},"b":{"0":[2,38],"1":[38,0]},"_coverageSchema":"1a1c01bbd47fc00a2c39e90264f33305004495a9","hash":"2ee495aab70c54fb87c2a5a08ee081867657902f"}
,"C:\\Users\\adria\\Downloads\\Proyecto_ingSoftware2-main\\Proyecto_ingSoftware2-main\\src\\componentes\\Login.jsx": {"path":"C:\\Users\\adria\\Downloads\\Proyecto_ingSoftware2-main\\Proyecto_ingSoftware2-main\\src\\componentes\\Login.jsx","statementMap":{"0":{"start":{"line":6,"column":30},"end":{"line":6,"column":42}},"1":{"start":{"line":7,"column":34},"end":{"line":7,"column":46}},"2":{"start":{"line":8,"column":28},"end":{"line":8,"column":40}},"3":{"start":{"line":9,"column":34},"end":{"line":9,"column":49}},"4":{"start":{"line":11,"column":23},"end":{"line":38,"column":3}},"5":{"start":{"line":12,"column":4},"end":{"line":12,"column":22}},"6":{"start":{"line":13,"column":4},"end":{"line":13,"column":16}},"7":{"start":{"line":14,"column":4},"end":{"line":17,"column":5}},"8":{"start":{"line":15,"column":6},"end":{"line":15,"column":47}},"9":{"start":{"line":16,"column":6},"end":{"line":16,"column":12}},"10":{"start":{"line":19,"column":4},"end":{"line":19,"column":21}},"11":{"start":{"line":20,"column":4},"end":{"line":37,"column":5}},"12":{"start":{"line":21,"column":20},"end":{"line":24,"column":8}},"13":{"start":{"line":25,"column":6},"end":{"line":25,"column":55}},"14":{"start":{"line":26,"column":6},"end":{"line":26,"column":69}},"15":{"start":{"line":27,"column":6},"end":{"line":27,"column":31}},"16":{"start":{"line":29,"column":6},"end":{"line":34,"column":7}},"17":{"start":{"line":30,"column":24},"end":{"line":30,"column":60}},"18":{"start":{"line":31,"column":8},"end":{"line":31,"column":40}},"19":{"start":{"line":33,"column":8},"end":{"line":33,"column":56}},"20":{"start":{"line":36,"column":6},"end":{"line":36,"column":24}},"21":{"start":{"line":40,"column":2},"end":{"line":123,"column":3}},"22":{"start":{"line":65,"column":31},"end":{"line":65,"column":56}},"23":{"start":{"line":76,"column":31},"end":{"line":76,"column":58}}},"fnMap":{"0":{"name":"Login","decl":{"start":{"line":5,"column":9},"end":{"line":5,"column":14}},"loc":{"start":{"line":5,"column":48},"end":{"line":124,"column":1}},"line":5},"1":{"name":"(anonymous_1)","decl":{"start":{"line":11,"column":23},"end":{"line":11,"column":24}},"loc":{"start":{"line":11,"column":36},"end":{"line":38,"column":3}},"line":11},"2":{"name":"(anonymous_2)","decl":{"start":{"line":65,"column":24},"end":{"line":65,"column":25}},"loc":{"start":{"line":65,"column":31},"end":{"line":65,"column":56}},"line":65},"3":{"name":"(anonymous_3)","decl":{"start":{"line":76,"column":24},"end":{"line":76,"column":25}},"loc":{"start":{"line":76,"column":31},"end":{"line":76,"column":58}},"line":76}},"branchMap":{"0":{"loc":{"start":{"line":14,"column":4},"end":{"line":17,"column":5}},"type":"if","locations":[{"start":{"line":14,"column":4},"end":{"line":17,"column":5}},{"start":{},"end":{}}],"line":14},"1":{"loc":{"start":{"line":14,"column":8},"end":{"line":14,"column":35}},"type":"binary-expr","locations":[{"start":{"line":14,"column":8},"end":{"line":14,"column":22}},{"start":{"line":14,"column":26},"end":{"line":14,"column":35}}],"line":14},"2":{"loc":{"start":{"line":29,"column":6},"end":{"line":34,"column":7}},"type":"if","locations":[{"start":{"line":29,"column":6},"end":{"line":34,"column":7}},{"start":{"line":32,"column":13},"end":{"line":34,"column":7}}],"line":29},"3":{"loc":{"start":{"line":31,"column":17},"end":{"line":31,"column":39}},"type":"binary-expr","locations":[{"start":{"line":31,"column":17},"end":{"line":31,"column":24}},{"start":{"line":31,"column":28},"end":{"line":31,"column":39}}],"line":31},"4":{"loc":{"start":{"line":81,"column":11},"end":{"line":89,"column":18}},"type":"cond-expr","locations":[{"start":{"line":82,"column":12},"end":{"line":88,"column":16}},{"start":{"line":89,"column":14},"end":{"line":89,"column":18}}],"line":81},"5":{"loc":{"start":{"line":97,"column":13},"end":{"line":97,"column":46}},"type":"cond-expr","locations":[{"start":{"line":97,"column":24},"end":{"line":97,"column":35}},{"start":{"line":97,"column":38},"end":{"line":97,"column":46}}],"line":97}},"s":{"0":70,"1":70,"2":70,"3":70,"4":70,"5":4,"6":4,"7":4,"8":1,"9":1,"10":3,"11":3,"12":3,"13":1,"14":1,"15":1,"16":2,"17":1,"18":1,"19":1,"20":3,"21":70,"22":32,"23":24},"f":{"0":70,"1":4,"2":32,"3":24},"b":{"0":[1,3],"1":[4,3],"2":[1,1],"3":[1,1],"4":[3,67],"5":[3,67]},"_coverageSchema":"1a1c01bbd47fc00a2c39e90264f33305004495a9","hash":"600c4e7a8de2b038110d7fe9a977adb33131d025"}
,"C:\\Users\\adria\\Downloads\\Proyecto_ingSoftware2-main\\Proyecto_ingSoftware2-main\\src\\componentes\\Registro.jsx": {"path":"C:\\Users\\adria\\Downloads\\Proyecto_ingSoftware2-main\\Proyecto_ingSoftware2-main\\src\\componentes\\Registro.jsx","statementMap":{"0":{"start":{"line":6,"column":30},"end":{"line":6,"column":42}},"1":{"start":{"line":7,"column":30},"end":{"line":7,"column":42}},"2":{"start":{"line":8,"column":34},"end":{"line":8,"column":46}},"3":{"start":{"line":9,"column":36},"end":{"line":9,"column":48}},"4":{"start":{"line":10,"column":28},"end":{"line":10,"column":40}},"5":{"start":{"line":11,"column":22},"end":{"line":11,"column":37}},"6":{"start":{"line":12,"column":34},"end":{"line":12,"column":49}},"7":{"start":{"line":14,"column":26},"end":{"line":63,"column":3}},"8":{"start":{"line":15,"column":4},"end":{"line":15,"column":22}},"9":{"start":{"line":16,"column":4},"end":{"line":16,"column":16}},"10":{"start":{"line":17,"column":4},"end":{"line":17,"column":16}},"11":{"start":{"line":19,"column":25},"end":{"line":19,"column":38}},"12":{"start":{"line":20,"column":4},"end":{"line":23,"column":5}},"13":{"start":{"line":21,"column":6},"end":{"line":21,"column":52}},"14":{"start":{"line":22,"column":6},"end":{"line":22,"column":12}},"15":{"start":{"line":24,"column":4},"end":{"line":27,"column":5}},"16":{"start":{"line":25,"column":6},"end":{"line":25,"column":61}},"17":{"start":{"line":26,"column":6},"end":{"line":26,"column":12}},"18":{"start":{"line":28,"column":4},"end":{"line":31,"column":5}},"19":{"start":{"line":29,"column":6},"end":{"line":29,"column":65}},"20":{"start":{"line":30,"column":6},"end":{"line":30,"column":12}},"21":{"start":{"line":32,"column":4},"end":{"line":35,"column":5}},"22":{"start":{"line":33,"column":6},"end":{"line":33,"column":47}},"23":{"start":{"line":34,"column":6},"end":{"line":34,"column":12}},"24":{"start":{"line":37,"column":4},"end":{"line":37,"column":21}},"25":{"start":{"line":38,"column":4},"end":{"line":62,"column":5}},"26":{"start":{"line":39,"column":6},"end":{"line":46,"column":8}},"27":{"start":{"line":47,"column":6},"end":{"line":47,"column":17}},"28":{"start":{"line":48,"column":6},"end":{"line":48,"column":19}},"29":{"start":{"line":49,"column":6},"end":{"line":49,"column":19}},"30":{"start":{"line":50,"column":6},"end":{"line":50,"column":21}},"31":{"start":{"line":51,"column":6},"end":{"line":51,"column":22}},"32":{"start":{"line":52,"column":6},"end":{"line":52,"column":40}},"33":{"start":{"line":52,"column":23},"end":{"line":52,"column":34}},"34":{"start":{"line":54,"column":6},"end":{"line":59,"column":7}},"35":{"start":{"line":55,"column":24},"end":{"line":55,"column":60}},"36":{"start":{"line":56,"column":8},"end":{"line":56,"column":40}},"37":{"start":{"line":58,"column":8},"end":{"line":58,"column":56}},"38":{"start":{"line":61,"column":6},"end":{"line":61,"column":24}},"39":{"start":{"line":65,"column":2},"end":{"line":160,"column":3}},"40":{"start":{"line":89,"column":31},"end":{"line":89,"column":56}},"41":{"start":{"line":100,"column":31},"end":{"line":100,"column":56}},"42":{"start":{"line":111,"column":31},"end":{"line":111,"column":58}},"43":{"start":{"line":122,"column":31},"end":{"line":122,"column":59}}},"fnMap":{"0":{"name":"Registro","decl":{"start":{"line":5,"column":9},"end":{"line":5,"column":17}},"loc":{"start":{"line":5,"column":33},"end":{"line":161,"column":1}},"line":5},"1":{"name":"(anonymous_1)","decl":{"start":{"line":14,"column":26},"end":{"line":14,"column":27}},"loc":{"start":{"line":14,"column":39},"end":{"line":63,"column":3}},"line":14},"2":{"name":"(anonymous_2)","decl":{"start":{"line":52,"column":17},"end":{"line":52,"column":18}},"loc":{"start":{"line":52,"column":23},"end":{"line":52,"column":34}},"line":52},"3":{"name":"(anonymous_3)","decl":{"start":{"line":89,"column":24},"end":{"line":89,"column":25}},"loc":{"start":{"line":89,"column":31},"end":{"line":89,"column":56}},"line":89},"4":{"name":"(anonymous_4)","decl":{"start":{"line":100,"column":24},"end":{"line":100,"column":25}},"loc":{"start":{"line":100,"column":31},"end":{"line":100,"column":56}},"line":100},"5":{"name":"(anonymous_5)","decl":{"start":{"line":111,"column":24},"end":{"line":111,"column":25}},"loc":{"start":{"line":111,"column":31},"end":{"line":111,"column":58}},"line":111},"6":{"name":"(anonymous_6)","decl":{"start":{"line":122,"column":24},"end":{"line":122,"column":25}},"loc":{"start":{"line":122,"column":31},"end":{"line":122,"column":59}},"line":122}},"branchMap":{"0":{"loc":{"start":{"line":20,"column":4},"end":{"line":23,"column":5}},"type":"if","locations":[{"start":{"line":20,"column":4},"end":{"line":23,"column":5}},{"start":{},"end":{}}],"line":20},"1":{"loc":{"start":{"line":20,"column":8},"end":{"line":20,"column":66}},"type":"binary-expr","locations":[{"start":{"line":20,"column":8},"end":{"line":20,"column":21}},{"start":{"line":20,"column":25},"end":{"line":20,"column":39}},{"start":{"line":20,"column":43},"end":{"line":20,"column":52}},{"start":{"line":20,"column":56},"end":{"line":20,"column":66}}],"line":20},"2":{"loc":{"start":{"line":24,"column":4},"end":{"line":27,"column":5}},"type":"if","locations":[{"start":{"line":24,"column":4},"end":{"line":27,"column":5}},{"start":{},"end":{}}],"line":24},"3":{"loc":{"start":{"line":28,"column":4},"end":{"line":31,"column":5}},"type":"if","locations":[{"start":{"line":28,"column":4},"end":{"line":31,"column":5}},{"start":{},"end":{}}],"line":28},"4":{"loc":{"start":{"line":32,"column":4},"end":{"line":35,"column":5}},"type":"if","locations":[{"start":{"line":32,"column":4},"end":{"line":35,"column":5}},{"start":{},"end":{}}],"line":32},"5":{"loc":{"start":{"line":54,"column":6},"end":{"line":59,"column":7}},"type":"if","locations":[{"start":{"line":54,"column":6},"end":{"line":59,"column":7}},{"start":{"line":57,"column":13},"end":{"line":59,"column":7}}],"line":54},"6":{"loc":{"start":{"line":56,"column":17},"end":{"line":56,"column":39}},"type":"binary-expr","locations":[{"start":{"line":56,"column":17},"end":{"line":56,"column":24}},{"start":{"line":56,"column":28},"end":{"line":56,"column":39}}],"line":56},"7":{"loc":{"start":{"line":127,"column":11},"end":{"line":135,"column":18}},"type":"cond-expr","locations":[{"start":{"line":128,"column":12},"end":{"line":134,"column":16}},{"start":{"line":135,"column":14},"end":{"line":135,"column":18}}],"line":127},"8":{"loc":{"start":{"line":136,"column":11},"end":{"line":140,"column":18}},"type":"cond-expr","locations":[{"start":{"line":137,"column":12},"end":{"line":139,"column":16}},{"start":{"line":140,"column":14},"end":{"line":140,"column":18}}],"line":136},"9":{"loc":{"start":{"line":148,"column":13},"end":{"line":148,"column":50}},"type":"cond-expr","locations":[{"start":{"line":148,"column":24},"end":{"line":148,"column":34}},{"start":{"line":148,"column":37},"end":{"line":148,"column":50}}],"line":148}},"s":{"0":206,"1":206,"2":206,"3":206,"4":206,"5":206,"6":206,"7":206,"8":6,"9":6,"10":6,"11":6,"12":6,"13":0,"14":0,"15":6,"16":1,"17":1,"18":5,"19":1,"20":1,"21":4,"22":1,"23":1,"24":3,"25":3,"26":3,"27":1,"28":1,"29":1,"30":1,"31":1,"32":1,"33":1,"34":2,"35":1,"36":1,"37":1,"38":3,"39":206,"40":40,"41":60,"42":45,"43":45},"f":{"0":206,"1":6,"2":1,"3":40,"4":60,"5":45,"6":45},"b":{"0":[0,6],"1":[6,6,6,6],"2":[1,5],"3":[1,4],"4":[1,3],"5":[1,1],"6":[1,1],"7":[5,201],"8":[1,205],"9":[3,203]},"_coverageSchema":"1a1c01bbd47fc00a2c39e90264f33305004495a9","hash":"6600c89acc1e20be72e12e1a00dd3698275f76dc"}
,"C:\\Users\\adria\\Downloads\\Proyecto_ingSoftware2-main\\Proyecto_ingSoftware2-main\\src\\componentes\\Tienda.jsx": {"path":"C:\\Users\\adria\\Downloads\\Proyecto_ingSoftware2-main\\Proyecto_ingSoftware2-main\\src\\componentes\\Tienda.jsx","statementMap":{"0":{"start":{"line":9,"column":34},"end":{"line":9,"column":46}},"1":{"start":{"line":10,"column":32},"end":{"line":10,"column":68}},"2":{"start":{"line":11,"column":42},"end":{"line":11,"column":57}},"3":{"start":{"line":12,"column":34},"end":{"line":12,"column":48}},"4":{"start":{"line":13,"column":28},"end":{"line":13,"column":40}},"5":{"start":{"line":14,"column":40},"end":{"line":14,"column":52}},"6":{"start":{"line":15,"column":30},"end":{"line":15,"column":44}},"7":{"start":{"line":16,"column":42},"end":{"line":16,"column":57}},"8":{"start":{"line":18,"column":25},"end":{"line":21,"column":8}},"9":{"start":{"line":19,"column":18},"end":{"line":19,"column":40}},"10":{"start":{"line":20,"column":4},"end":{"line":20,"column":22}},"11":{"start":{"line":23,"column":24},"end":{"line":26,"column":8}},"12":{"start":{"line":24,"column":14},"end":{"line":24,"column":32}},"13":{"start":{"line":25,"column":4},"end":{"line":25,"column":17}},"14":{"start":{"line":28,"column":2},"end":{"line":46,"column":37}},"15":{"start":{"line":29,"column":17},"end":{"line":29,"column":22}},"16":{"start":{"line":30,"column":5},"end":{"line":42,"column":8}},"17":{"start":{"line":31,"column":6},"end":{"line":31,"column":23}},"18":{"start":{"line":32,"column":6},"end":{"line":32,"column":18}},"19":{"start":{"line":33,"column":6},"end":{"line":41,"column":7}},"20":{"start":{"line":34,"column":8},"end":{"line":34,"column":62}},"21":{"start":{"line":36,"column":8},"end":{"line":38,"column":9}},"22":{"start":{"line":37,"column":10},"end":{"line":37,"column":29}},"23":{"start":{"line":40,"column":8},"end":{"line":40,"column":39}},"24":{"start":{"line":40,"column":21},"end":{"line":40,"column":39}},"25":{"start":{"line":43,"column":4},"end":{"line":45,"column":5}},"26":{"start":{"line":44,"column":6},"end":{"line":44,"column":19}},"27":{"start":{"line":48,"column":27},"end":{"line":65,"column":3}},"28":{"start":{"line":49,"column":4},"end":{"line":49,"column":26}},"29":{"start":{"line":50,"column":4},"end":{"line":50,"column":16}},"30":{"start":{"line":51,"column":4},"end":{"line":51,"column":22}},"31":{"start":{"line":52,"column":4},"end":{"line":64,"column":5}},"32":{"start":{"line":53,"column":26},"end":{"line":56,"column":8}},"33":{"start":{"line":57,"column":6},"end":{"line":57,"column":29}},"34":{"start":{"line":58,"column":6},"end":{"line":58,"column":27}},"35":{"start":{"line":59,"column":6},"end":{"line":59,"column":28}},"36":{"start":{"line":61,"column":6},"end":{"line":61,"column":52}},"37":{"start":{"line":61,"column":33},"end":{"line":61,"column":52}},"38":{"start":{"line":63,"column":6},"end":{"line":63,"column":21}},"39":{"start":{"line":67,"column":29},"end":{"line":80,"column":3}},"40":{"start":{"line":68,"column":4},"end":{"line":68,"column":28}},"41":{"start":{"line":68,"column":22},"end":{"line":68,"column":28}},"42":{"start":{"line":69,"column":4},"end":{"line":69,"column":16}},"43":{"start":{"line":70,"column":4},"end":{"line":79,"column":5}},"44":{"start":{"line":71,"column":26},"end":{"line":74,"column":8}},"45":{"start":{"line":75,"column":6},"end":{"line":75,"column":29}},"46":{"start":{"line":76,"column":6},"end":{"line":76,"column":28}},"47":{"start":{"line":78,"column":6},"end":{"line":78,"column":52}},"48":{"start":{"line":78,"column":33},"end":{"line":78,"column":52}},"49":{"start":{"line":82,"column":24},"end":{"line":93,"column":3}},"50":{"start":{"line":83,"column":4},"end":{"line":83,"column":16}},"51":{"start":{"line":84,"column":4},"end":{"line":92,"column":5}},"52":{"start":{"line":85,"column":26},"end":{"line":87,"column":8}},"53":{"start":{"line":88,"column":6},"end":{"line":88,"column":29}},"54":{"start":{"line":89,"column":6},"end":{"line":89,"column":28}},"55":{"start":{"line":91,"column":6},"end":{"line":91,"column":52}},"56":{"start":{"line":91,"column":33},"end":{"line":91,"column":52}},"57":{"start":{"line":95,"column":19},"end":{"line":112,"column":3}},"58":{"start":{"line":96,"column":4},"end":{"line":96,"column":16}},"59":{"start":{"line":97,"column":4},"end":{"line":97,"column":22}},"60":{"start":{"line":98,"column":4},"end":{"line":98,"column":25}},"61":{"start":{"line":99,"column":4},"end":{"line":111,"column":5}},"62":{"start":{"line":100,"column":18},"end":{"line":100,"column":65}},"63":{"start":{"line":101,"column":6},"end":{"line":103,"column":7}},"64":{"start":{"line":104,"column":6},"end":{"line":104,"column":27}},"65":{"start":{"line":105,"column":6},"end":{"line":105,"column":28}},"66":{"start":{"line":106,"column":6},"end":{"line":106,"column":28}},"67":{"start":{"line":108,"column":6},"end":{"line":108,"column":52}},"68":{"start":{"line":108,"column":33},"end":{"line":108,"column":52}},"69":{"start":{"line":110,"column":6},"end":{"line":110,"column":28}},"70":{"start":{"line":114,"column":21},"end":{"line":114,"column":70}},"71":{"start":{"line":114,"column":52},"end":{"line":114,"column":66}},"72":{"start":{"line":116,"column":2},"end":{"line":250,"column":3}},"73":{"start":{"line":136,"column":27},"end":{"line":136,"column":48}},"74":{"start":{"line":187,"column":14},"end":{"line":205,"column":24}},"75":{"start":{"line":200,"column":35},"end":{"line":200,"column":54}},"76":{"start":{"line":213,"column":23},"end":{"line":213,"column":45}},"77":{"start":{"line":214,"column":26},"end":{"line":214,"column":70}},"78":{"start":{"line":226,"column":27},"end":{"line":226,"column":49}}},"fnMap":{"0":{"name":"Tienda","decl":{"start":{"line":8,"column":9},"end":{"line":8,"column":15}},"loc":{"start":{"line":8,"column":45},"end":{"line":251,"column":1}},"line":8},"1":{"name":"(anonymous_1)","decl":{"start":{"line":18,"column":37},"end":{"line":18,"column":38}},"loc":{"start":{"line":18,"column":49},"end":{"line":21,"column":3}},"line":18},"2":{"name":"(anonymous_2)","decl":{"start":{"line":23,"column":36},"end":{"line":23,"column":37}},"loc":{"start":{"line":23,"column":48},"end":{"line":26,"column":3}},"line":23},"3":{"name":"(anonymous_3)","decl":{"start":{"line":28,"column":12},"end":{"line":28,"column":13}},"loc":{"start":{"line":28,"column":18},"end":{"line":46,"column":3}},"line":28},"4":{"name":"(anonymous_4)","decl":{"start":{"line":30,"column":6},"end":{"line":30,"column":7}},"loc":{"start":{"line":30,"column":18},"end":{"line":42,"column":5}},"line":30},"5":{"name":"(anonymous_5)","decl":{"start":{"line":43,"column":11},"end":{"line":43,"column":12}},"loc":{"start":{"line":43,"column":17},"end":{"line":45,"column":5}},"line":43},"6":{"name":"(anonymous_6)","decl":{"start":{"line":48,"column":27},"end":{"line":48,"column":28}},"loc":{"start":{"line":48,"column":47},"end":{"line":65,"column":3}},"line":48},"7":{"name":"(anonymous_7)","decl":{"start":{"line":67,"column":29},"end":{"line":67,"column":30}},"loc":{"start":{"line":67,"column":57},"end":{"line":80,"column":3}},"line":67},"8":{"name":"(anonymous_8)","decl":{"start":{"line":82,"column":24},"end":{"line":82,"column":25}},"loc":{"start":{"line":82,"column":42},"end":{"line":93,"column":3}},"line":82},"9":{"name":"(anonymous_9)","decl":{"start":{"line":95,"column":19},"end":{"line":95,"column":20}},"loc":{"start":{"line":95,"column":31},"end":{"line":112,"column":3}},"line":95},"10":{"name":"(anonymous_10)","decl":{"start":{"line":114,"column":42},"end":{"line":114,"column":43}},"loc":{"start":{"line":114,"column":52},"end":{"line":114,"column":66}},"line":114},"11":{"name":"(anonymous_11)","decl":{"start":{"line":136,"column":21},"end":{"line":136,"column":22}},"loc":{"start":{"line":136,"column":27},"end":{"line":136,"column":48}},"line":136},"12":{"name":"(anonymous_12)","decl":{"start":{"line":186,"column":26},"end":{"line":186,"column":27}},"loc":{"start":{"line":187,"column":14},"end":{"line":205,"column":24}},"line":187},"13":{"name":"(anonymous_13)","decl":{"start":{"line":200,"column":29},"end":{"line":200,"column":30}},"loc":{"start":{"line":200,"column":35},"end":{"line":200,"column":54}},"line":200},"14":{"name":"(anonymous_14)","decl":{"start":{"line":213,"column":17},"end":{"line":213,"column":18}},"loc":{"start":{"line":213,"column":23},"end":{"line":213,"column":45}},"line":213},"15":{"name":"(anonymous_15)","decl":{"start":{"line":214,"column":19},"end":{"line":214,"column":20}},"loc":{"start":{"line":214,"column":26},"end":{"line":214,"column":70}},"line":214},"16":{"name":"(anonymous_16)","decl":{"start":{"line":226,"column":21},"end":{"line":226,"column":22}},"loc":{"start":{"line":226,"column":27},"end":{"line":226,"column":49}},"line":226}},"branchMap":{"0":{"loc":{"start":{"line":36,"column":8},"end":{"line":38,"column":9}},"type":"if","locations":[{"start":{"line":36,"column":8},"end":{"line":38,"column":9}},{"start":{},"end":{}}],"line":36},"1":{"loc":{"start":{"line":36,"column":12},"end":{"line":36,"column":44}},"type":"binary-expr","locations":[{"start":{"line":36,"column":12},"end":{"line":36,"column":19}},{"start":{"line":36,"column":23},"end":{"line":36,"column":44}}],"line":36},"2":{"loc":{"start":{"line":40,"column":8},"end":{"line":40,"column":39}},"type":"if","locations":[{"start":{"line":40,"column":8},"end":{"line":40,"column":39}},{"start":{},"end":{}}],"line":40},"3":{"loc":{"start":{"line":61,"column":6},"end":{"line":61,"column":52}},"type":"if","locations":[{"start":{"line":61,"column":6},"end":{"line":61,"column":52}},{"start":{},"end":{}}],"line":61},"4":{"loc":{"start":{"line":68,"column":4},"end":{"line":68,"column":28}},"type":"if","locations":[{"start":{"line":68,"column":4},"end":{"line":68,"column":28}},{"start":{},"end":{}}],"line":68},"5":{"loc":{"start":{"line":78,"column":6},"end":{"line":78,"column":52}},"type":"if","locations":[{"start":{"line":78,"column":6},"end":{"line":78,"column":52}},{"start":{},"end":{}}],"line":78},"6":{"loc":{"start":{"line":91,"column":6},"end":{"line":91,"column":52}},"type":"if","locations":[{"start":{"line":91,"column":6},"end":{"line":91,"column":52}},{"start":{},"end":{}}],"line":91},"7":{"loc":{"start":{"line":108,"column":6},"end":{"line":108,"column":52}},"type":"if","locations":[{"start":{"line":108,"column":6},"end":{"line":108,"column":52}},{"start":{},"end":{}}],"line":108},"8":{"loc":{"start":{"line":139,"column":13},"end":{"line":141,"column":20}},"type":"cond-expr","locations":[{"start":{"line":140,"column":14},"end":{"line":140,"column":57}},{"start":{"line":141,"column":16},"end":{"line":141,"column":20}}],"line":139},"9":{"loc":{"start":{"line":163,"column":9},"end":{"line":171,"column":16}},"type":"cond-expr","locations":[{"start":{"line":164,"column":10},"end":{"line":170,"column":14}},{"start":{"line":171,"column":12},"end":{"line":171,"column":16}}],"line":163},"10":{"loc":{"start":{"line":172,"column":9},"end":{"line":180,"column":16}},"type":"cond-expr","locations":[{"start":{"line":173,"column":10},"end":{"line":179,"column":14}},{"start":{"line":180,"column":12},"end":{"line":180,"column":16}}],"line":172},"11":{"loc":{"start":{"line":182,"column":9},"end":{"line":208,"column":9}},"type":"cond-expr","locations":[{"start":{"line":183,"column":10},"end":{"line":183,"column":53}},{"start":{"line":185,"column":10},"end":{"line":207,"column":16}}],"line":182},"12":{"loc":{"start":{"line":199,"column":30},"end":{"line":199,"column":60}},"type":"binary-expr","locations":[{"start":{"line":199,"column":30},"end":{"line":199,"column":41}},{"start":{"line":199,"column":45},"end":{"line":199,"column":60}}],"line":199},"13":{"loc":{"start":{"line":202,"column":21},"end":{"line":202,"column":53}},"type":"cond-expr","locations":[{"start":{"line":202,"column":39},"end":{"line":202,"column":42}},{"start":{"line":202,"column":45},"end":{"line":202,"column":53}}],"line":202},"14":{"loc":{"start":{"line":212,"column":38},"end":{"line":212,"column":67}},"type":"cond-expr","locations":[{"start":{"line":212,"column":53},"end":{"line":212,"column":62}},{"start":{"line":212,"column":65},"end":{"line":212,"column":67}}],"line":212},"15":{"loc":{"start":{"line":214,"column":26},"end":{"line":214,"column":70}},"type":"binary-expr","locations":[{"start":{"line":214,"column":26},"end":{"line":214,"column":44}},{"start":{"line":214,"column":48},"end":{"line":214,"column":70}}],"line":214},"16":{"loc":{"start":{"line":218,"column":34},"end":{"line":218,"column":63}},"type":"cond-expr","locations":[{"start":{"line":218,"column":49},"end":{"line":218,"column":58}},{"start":{"line":218,"column":61},"end":{"line":218,"column":63}}],"line":218},"17":{"loc":{"start":{"line":240,"column":24},"end":{"line":240,"column":66}},"type":"binary-expr","locations":[{"start":{"line":240,"column":24},"end":{"line":240,"column":50}},{"start":{"line":240,"column":54},"end":{"line":240,"column":66}}],"line":240}},"s":{"0":35,"1":35,"2":35,"3":35,"4":35,"5":35,"6":35,"7":35,"8":35,"9":17,"10":16,"11":35,"12":10,"13":9,"14":35,"15":9,"16":9,"17":9,"18":9,"19":9,"20":9,"21":1,"22":1,"23":9,"24":9,"25":9,"26":9,"27":35,"28":4,"29":4,"30":4,"31":4,"32":4,"33":4,"34":4,"35":4,"36":0,"37":0,"38":4,"39":35,"40":2,"41":0,"42":2,"43":2,"44":2,"45":2,"46":2,"47":0,"48":0,"49":35,"50":1,"51":1,"52":1,"53":1,"54":1,"55":0,"56":0,"57":35,"58":1,"59":1,"60":1,"61":1,"62":1,"63":1,"64":1,"65":1,"66":1,"67":0,"68":0,"69":1,"70":35,"71":11,"72":35,"73":2,"74":48,"75":4,"76":0,"77":0,"78":0},"f":{"0":35,"1":17,"2":10,"3":9,"4":9,"5":9,"6":4,"7":2,"8":1,"9":1,"10":11,"11":2,"12":48,"13":4,"14":0,"15":0,"16":0},"b":{"0":[1,0],"1":[1,1],"2":[9,0],"3":[0,0],"4":[0,2],"5":[0,0],"6":[0,0],"7":[0,0],"8":[11,24],"9":[1,34],"10":[1,34],"11":[9,26],"12":[48,48],"13":[4,44],"14":[13,22],"15":[0,0],"16":[13,22],"17":[35,11]},"_coverageSchema":"1a1c01bbd47fc00a2c39e90264f33305004495a9","hash":"4fd4733d6486f05255dd2884815fcd4426059ae2"}
,"C:\\Users\\adria\\Downloads\\Proyecto_ingSoftware2-main\\Proyecto_ingSoftware2-main\\src\\lib\\api.js": {"path":"C:\\Users\\adria\\Downloads\\Proyecto_ingSoftware2-main\\Proyecto_ingSoftware2-main\\src\\lib\\api.js","statementMap":{"0":{"start":{"line":12,"column":15},"end":{"line":12,"column":30}},"1":{"start":{"line":13,"column":16},"end":{"line":13,"column":52}},"2":{"start":{"line":14,"column":18},"end":{"line":18,"column":3}},"3":{"start":{"line":19,"column":2},"end":{"line":21,"column":3}},"4":{"start":{"line":20,"column":4},"end":{"line":20,"column":45}},"5":{"start":{"line":23,"column":14},"end":{"line":23,"column":66}},"6":{"start":{"line":25,"column":14},"end":{"line":28,"column":4}},"7":{"start":{"line":30,"column":13},"end":{"line":30,"column":15}},"8":{"start":{"line":31,"column":15},"end":{"line":31,"column":31}},"9":{"start":{"line":32,"column":2},"end":{"line":44,"column":3}},"10":{"start":{"line":33,"column":4},"end":{"line":43,"column":5}},"11":{"start":{"line":34,"column":6},"end":{"line":34,"column":29}},"12":{"start":{"line":37,"column":8},"end":{"line":37,"column":72}},"13":{"start":{"line":38,"column":6},"end":{"line":42,"column":7}},"14":{"start":{"line":46,"column":2},"end":{"line":58,"column":3}},"15":{"start":{"line":47,"column":16},"end":{"line":51,"column":5}},"16":{"start":{"line":52,"column":4},"end":{"line":56,"column":5}},"17":{"start":{"line":53,"column":6},"end":{"line":53,"column":45}},"18":{"start":{"line":54,"column":6},"end":{"line":54,"column":44}},"19":{"start":{"line":55,"column":6},"end":{"line":55,"column":69}},"20":{"start":{"line":57,"column":4},"end":{"line":57,"column":13}},"21":{"start":{"line":60,"column":2},"end":{"line":60,"column":13}}},"fnMap":{"0":{"name":"api","decl":{"start":{"line":11,"column":22},"end":{"line":11,"column":25}},"loc":{"start":{"line":11,"column":43},"end":{"line":61,"column":1}},"line":11}},"branchMap":{"0":{"loc":{"start":{"line":11,"column":32},"end":{"line":11,"column":41}},"type":"default-arg","locations":[{"start":{"line":11,"column":39},"end":{"line":11,"column":41}}],"line":11},"1":{"loc":{"start":{"line":16,"column":8},"end":{"line":16,"column":63}},"type":"cond-expr","locations":[{"start":{"line":16,"column":20},"end":{"line":16,"column":58}},{"start":{"line":16,"column":61},"end":{"line":16,"column":63}}],"line":16},"2":{"loc":{"start":{"line":19,"column":2},"end":{"line":21,"column":3}},"type":"if","locations":[{"start":{"line":19,"column":2},"end":{"line":21,"column":3}},{"start":{},"end":{}}],"line":19},"3":{"loc":{"start":{"line":23,"column":24},"end":{"line":23,"column":64}},"type":"cond-expr","locations":[{"start":{"line":23,"column":47},"end":{"line":23,"column":51}},{"start":{"line":23,"column":54},"end":{"line":23,"column":64}}],"line":23},"4":{"loc":{"start":{"line":32,"column":2},"end":{"line":44,"column":3}},"type":"if","locations":[{"start":{"line":32,"column":2},"end":{"line":44,"column":3}},{"start":{},"end":{}}],"line":32},"5":{"loc":{"start":{"line":37,"column":8},"end":{"line":37,"column":72}},"type":"binary-expr","locations":[{"start":{"line":37,"column":8},"end":{"line":37,"column":36}},{"start":{"line":37,"column":40},"end":{"line":37,"column":72}}],"line":37},"6":{"loc":{"start":{"line":39,"column":15},"end":{"line":41,"column":39}},"type":"cond-expr","locations":[{"start":{"line":40,"column":12},"end":{"line":40,"column":152}},{"start":{"line":41,"column":12},"end":{"line":41,"column":39}}],"line":39},"7":{"loc":{"start":{"line":41,"column":12},"end":{"line":41,"column":39}},"type":"binary-expr","locations":[{"start":{"line":41,"column":12},"end":{"line":41,"column":16}},{"start":{"line":41,"column":20},"end":{"line":41,"column":39}}],"line":41},"8":{"loc":{"start":{"line":46,"column":2},"end":{"line":58,"column":3}},"type":"if","locations":[{"start":{"line":46,"column":2},"end":{"line":58,"column":3}},{"start":{},"end":{}}],"line":46},"9":{"loc":{"start":{"line":49,"column":6},"end":{"line":49,"column":52}},"type":"binary-expr","locations":[{"start":{"line":49,"column":6},"end":{"line":49,"column":16}},{"start":{"line":49,"column":20},"end":{"line":49,"column":34}},{"start":{"line":49,"column":38},"end":{"line":49,"column":52}}],"line":49},"10":{"loc":{"start":{"line":52,"column":4},"end":{"line":56,"column":5}},"type":"if","locations":[{"start":{"line":52,"column":4},"end":{"line":56,"column":5}},{"start":{},"end":{}}],"line":52},"11":{"loc":{"start":{"line":52,"column":8},"end":{"line":52,"column":35}},"type":"binary-expr","locations":[{"start":{"line":52,"column":8},"end":{"line":52,"column":26}},{"start":{"line":52,"column":30},"end":{"line":52,"column":35}}],"line":52}},"s":{"0":4,"1":4,"2":4,"3":4,"4":1,"5":4,"6":4,"7":4,"8":4,"9":4,"10":4,"11":4,"12":1,"13":1,"14":4,"15":3,"16":3,"17":1,"18":1,"19":1,"20":3,"21":1},"f":{"0":4},"b":{"0":[3],"1":[1,3],"2":[1,3],"3":[4,0],"4":[4,0],"5":[1,1],"6":[1,0],"7":[0,0],"8":[3,1],"9":[3,0,0],"10":[1,2],"11":[3,1]},"_coverageSchema":"1a1c01bbd47fc00a2c39e90264f33305004495a9","hash":"af6c2000aea1e831c7ced0e83f4ed2c083434e79"}
,"C:\\Users\\adria\\Downloads\\Proyecto_ingSoftware2-main\\Proyecto_ingSoftware2-main\\src\\lib\\apiTypes.js": {"path":"C:\\Users\\adria\\Downloads\\Proyecto_ingSoftware2-main\\Proyecto_ingSoftware2-main\\src\\lib\\apiTypes.js","statementMap":{"0":{"start":{"line":3,"column":4},"end":{"line":3,"column":18}},"1":{"start":{"line":4,"column":4},"end":{"line":4,"column":26}},"2":{"start":{"line":5,"column":4},"end":{"line":5,"column":24}},"3":{"start":{"line":6,"column":4},"end":{"line":6,"column":26}},"4":{"start":{"line":12,"column":2},"end":{"line":12,"column":56}},"5":{"start":{"line":12,"column":47},"end":{"line":12,"column":56}},"6":{"start":{"line":13,"column":13},"end":{"line":13,"column":32}},"7":{"start":{"line":14,"column":2},"end":{"line":14,"column":46}},"8":{"start":{"line":14,"column":37},"end":{"line":14,"column":46}},"9":{"start":{"line":15,"column":16},"end":{"line":15,"column":18}},"10":{"start":{"line":16,"column":2},"end":{"line":21,"column":3}},"11":{"start":{"line":17,"column":4},"end":{"line":17,"column":37}},"12":{"start":{"line":17,"column":29},"end":{"line":17,"column":37}},"13":{"start":{"line":18,"column":4},"end":{"line":20,"column":5}},"14":{"start":{"line":19,"column":6},"end":{"line":19,"column":65}},"15":{"start":{"line":19,"column":45},"end":{"line":19,"column":65}},"16":{"start":{"line":22,"column":2},"end":{"line":22,"column":24}}},"fnMap":{"0":{"name":"(anonymous_0)","decl":{"start":{"line":2,"column":2},"end":{"line":2,"column":3}},"loc":{"start":{"line":2,"column":40},"end":{"line":7,"column":3}},"line":2},"1":{"name":"formatValidationDetails","decl":{"start":{"line":11,"column":16},"end":{"line":11,"column":39}},"loc":{"start":{"line":11,"column":49},"end":{"line":23,"column":1}},"line":11}},"branchMap":{"0":{"loc":{"start":{"line":12,"column":2},"end":{"line":12,"column":56}},"type":"if","locations":[{"start":{"line":12,"column":2},"end":{"line":12,"column":56}},{"start":{},"end":{}}],"line":12},"1":{"loc":{"start":{"line":12,"column":6},"end":{"line":12,"column":45}},"type":"binary-expr","locations":[{"start":{"line":12,"column":6},"end":{"line":12,"column":14}},{"start":{"line":12,"column":18},"end":{"line":12,"column":45}}],"line":12},"2":{"loc":{"start":{"line":14,"column":2},"end":{"line":14,"column":46}},"type":"if","locations":[{"start":{"line":14,"column":2},"end":{"line":14,"column":46}},{"start":{},"end":{}}],"line":14},"3":{"loc":{"start":{"line":14,"column":6},"end":{"line":14,"column":35}},"type":"binary-expr","locations":[{"start":{"line":14,"column":6},"end":{"line":14,"column":9}},{"start":{"line":14,"column":13},"end":{"line":14,"column":35}}],"line":14},"4":{"loc":{"start":{"line":17,"column":4},"end":{"line":17,"column":37}},"type":"if","locations":[{"start":{"line":17,"column":4},"end":{"line":17,"column":37}},{"start":{},"end":{}}],"line":17},"5":{"loc":{"start":{"line":19,"column":6},"end":{"line":19,"column":65}},"type":"if","locations":[{"start":{"line":19,"column":6},"end":{"line":19,"column":65}},{"start":{},"end":{}}],"line":19},"6":{"loc":{"start":{"line":19,"column":10},"end":{"line":19,"column":43}},"type":"binary-expr","locations":[{"start":{"line":19,"column":10},"end":{"line":19,"column":31}},{"start":{"line":19,"column":35},"end":{"line":19,"column":43}}],"line":19}},"s":{"0":7,"1":7,"2":7,"3":7,"4":5,"5":3,"6":2,"7":2,"8":1,"9":1,"10":1,"11":2,"12":0,"13":2,"14":2,"15":2,"16":1},"f":{"0":7,"1":5},"b":{"0":[3,2],"1":[5,2],"2":[1,1],"3":[2,1],"4":[0,2],"5":[2,0],"6":[2,2]},"_coverageSchema":"1a1c01bbd47fc00a2c39e90264f33305004495a9","hash":"c66fbcfe03ecb3914c53427565e780251723c494"}
,"C:\\Users\\adria\\Downloads\\Proyecto_ingSoftware2-main\\Proyecto_ingSoftware2-main\\src\\lib\\config.js": {"path":"C:\\Users\\adria\\Downloads\\Proyecto_ingSoftware2-main\\Proyecto_ingSoftware2-main\\src\\lib\\config.js","statementMap":{"0":{"start":{"line":1,"column":21},"end":{"line":1,"column":44}},"1":{"start":{"line":4,"column":2},"end":{"line":4,"column":40}},"2":{"start":{"line":14,"column":14},"end":{"line":14,"column":23}},"3":{"start":{"line":15,"column":14},"end":{"line":15,"column":51}},"4":{"start":{"line":17,"column":2},"end":{"line":19,"column":3}},"5":{"start":{"line":18,"column":4},"end":{"line":18,"column":13}},"6":{"start":{"line":22,"column":4},"end":{"line":24,"column":20}},"7":{"start":{"line":26,"column":2},"end":{"line":36,"column":3}},"8":{"start":{"line":27,"column":4},"end":{"line":35,"column":5}},"9":{"start":{"line":28,"column":19},"end":{"line":28,"column":48}},"10":{"start":{"line":29,"column":18},"end":{"line":29,"column":31}},"11":{"start":{"line":30,"column":6},"end":{"line":32,"column":7}},"12":{"start":{"line":31,"column":8},"end":{"line":31,"column":27}},"13":{"start":{"line":34,"column":6},"end":{"line":34,"column":25}},"14":{"start":{"line":38,"column":2},"end":{"line":38,"column":13}},"15":{"start":{"line":42,"column":23},"end":{"line":42,"column":38}}},"fnMap":{"0":{"name":"viteEnv","decl":{"start":{"line":3,"column":9},"end":{"line":3,"column":16}},"loc":{"start":{"line":3,"column":19},"end":{"line":5,"column":1}},"line":3},"1":{"name":"getApiBaseUrl","decl":{"start":{"line":13,"column":16},"end":{"line":13,"column":29}},"loc":{"start":{"line":13,"column":32},"end":{"line":39,"column":1}},"line":13}},"branchMap":{"0":{"loc":{"start":{"line":4,"column":9},"end":{"line":4,"column":40}},"type":"binary-expr","locations":[{"start":{"line":4,"column":9},"end":{"line":4,"column":34}},{"start":{"line":4,"column":38},"end":{"line":4,"column":40}}],"line":4},"1":{"loc":{"start":{"line":15,"column":21},"end":{"line":15,"column":43}},"type":"binary-expr","locations":[{"start":{"line":15,"column":21},"end":{"line":15,"column":37}},{"start":{"line":15,"column":41},"end":{"line":15,"column":43}}],"line":15},"2":{"loc":{"start":{"line":17,"column":2},"end":{"line":19,"column":3}},"type":"if","locations":[{"start":{"line":17,"column":2},"end":{"line":19,"column":3}},{"start":{},"end":{}}],"line":17},"3":{"loc":{"start":{"line":17,"column":6},"end":{"line":17,"column":21}},"type":"binary-expr","locations":[{"start":{"line":17,"column":6},"end":{"line":17,"column":13}},{"start":{"line":17,"column":17},"end":{"line":17,"column":21}}],"line":17},"4":{"loc":{"start":{"line":22,"column":4},"end":{"line":24,"column":20}},"type":"cond-expr","locations":[{"start":{"line":23,"column":8},"end":{"line":23,"column":30}},{"start":{"line":24,"column":8},"end":{"line":24,"column":20}}],"line":22},"5":{"loc":{"start":{"line":22,"column":4},"end":{"line":22,"column":68}},"type":"binary-expr","locations":[{"start":{"line":22,"column":4},"end":{"line":22,"column":7}},{"start":{"line":22,"column":12},"end":{"line":22,"column":37}},{"start":{"line":22,"column":41},"end":{"line":22,"column":67}}],"line":22},"6":{"loc":{"start":{"line":26,"column":2},"end":{"line":36,"column":3}},"type":"if","locations":[{"start":{"line":26,"column":2},"end":{"line":36,"column":3}},{"start":{},"end":{}}],"line":26},"7":{"loc":{"start":{"line":26,"column":6},"end":{"line":26,"column":43}},"type":"binary-expr","locations":[{"start":{"line":26,"column":6},"end":{"line":26,"column":35}},{"start":{"line":26,"column":39},"end":{"line":26,"column":43}}],"line":26},"8":{"loc":{"start":{"line":30,"column":6},"end":{"line":32,"column":7}},"type":"if","locations":[{"start":{"line":30,"column":6},"end":{"line":32,"column":7}},{"start":{},"end":{}}],"line":30}},"s":{"0":6,"1":13,"2":13,"3":13,"4":13,"5":1,"6":12,"7":12,"8":12,"9":12,"10":12,"11":12,"12":0,"13":0,"14":12,"15":6},"f":{"0":13,"1":13},"b":{"0":[13,0],"1":[13,0],"2":[1,12],"3":[13,7],"4":[11,1],"5":[12,12,1],"6":[12,0],"7":[12,12],"8":[0,12]},"_coverageSchema":"1a1c01bbd47fc00a2c39e90264f33305004495a9","hash":"dc67bbf63b593030261c6c6da49e78b73c73cba9"}
,"C:\\Users\\adria\\Downloads\\Proyecto_ingSoftware2-main\\Proyecto_ingSoftware2-main\\src\\lib\\formatMoney.js": {"path":"C:\\Users\\adria\\Downloads\\Proyecto_ingSoftware2-main\\Proyecto_ingSoftware2-main\\src\\lib\\formatMoney.js","statementMap":{"0":{"start":{"line":2,"column":2},"end":{"line":5,"column":14}}},"fnMap":{"0":{"name":"formatMoney","decl":{"start":{"line":1,"column":16},"end":{"line":1,"column":27}},"loc":{"start":{"line":1,"column":31},"end":{"line":6,"column":1}},"line":1}},"branchMap":{},"s":{"0":111},"f":{"0":111},"b":{},"_coverageSchema":"1a1c01bbd47fc00a2c39e90264f33305004495a9","hash":"d4416918fc1a1aec1ac390c1cd05a10bac9cf519"}
}
