{"C:\\Users\\Lenovo\\OneDrive\\universidad\\Ingenieria de software\\Proyecto_ingSoftware2-master\\Proyecto_ingSoftware2-master\\src\\App.jsx": {"path":"C:\\Users\\Lenovo\\OneDrive\\universidad\\Ingenieria de software\\Proyecto_ingSoftware2-master\\Proyecto_ingSoftware2-master\\src\\App.jsx","statementMap":{"0":{"start":{"line":7,"column":2},"end":{"line":12,"column":3}},"1":{"start":{"line":8,"column":16},"end":{"line":8,"column":51}},"2":{"start":{"line":9,"column":4},"end":{"line":9,"column":39}},"3":{"start":{"line":11,"column":4},"end":{"line":11,"column":15}},"4":{"start":{"line":16,"column":16},"end":{"line":16,"column":52}},"5":{"start":{"line":17,"column":12},"end":{"line":17,"column":33}},"6":{"start":{"line":18,"column":2},"end":{"line":20,"column":3}},"7":{"start":{"line":19,"column":4},"end":{"line":19,"column":45}},"8":{"start":{"line":21,"column":2},"end":{"line":21,"column":45}},"9":{"start":{"line":25,"column":18},"end":{"line":25,"column":39}},"10":{"start":{"line":26,"column":34},"end":{"line":26,"column":60}},"11":{"start":{"line":27,"column":32},"end":{"line":27,"column":57}},"12":{"start":{"line":29,"column":2},"end":{"line":36,"column":8}},"13":{"start":{"line":30,"column":22},"end":{"line":33,"column":5}},"14":{"start":{"line":31,"column":6},"end":{"line":31,"column":22}},"15":{"start":{"line":32,"column":6},"end":{"line":32,"column":26}},"16":{"start":{"line":34,"column":4},"end":{"line":34,"column":64}},"17":{"start":{"line":35,"column":4},"end":{"line":35,"column":80}},"18":{"start":{"line":35,"column":17},"end":{"line":35,"column":80}},"19":{"start":{"line":38,"column":21},"end":{"line":41,"column":3}},"20":{"start":{"line":39,"column":4},"end":{"line":39,"column":17}},"21":{"start":{"line":40,"column":4},"end":{"line":40,"column":25}},"22":{"start":{"line":43,"column":23},"end":{"line":48,"column":3}},"23":{"start":{"line":44,"column":4},"end":{"line":44,"column":43}},"24":{"start":{"line":45,"column":4},"end":{"line":45,"column":42}},"25":{"start":{"line":46,"column":4},"end":{"line":46,"column":20}},"26":{"start":{"line":47,"column":4},"end":{"line":47,"column":24}},"27":{"start":{"line":50,"column":2},"end":{"line":65,"column":3}},"28":{"start":{"line":54,"column":30},"end":{"line":54,"column":53}},"29":{"start":{"line":59,"column":35},"end":{"line":59,"column":55}}},"fnMap":{"0":{"name":"leerUsuarioGuardado","decl":{"start":{"line":6,"column":9},"end":{"line":6,"column":28}},"loc":{"start":{"line":6,"column":31},"end":{"line":13,"column":1}},"line":6},"1":{"name":"estadoInicialSesion","decl":{"start":{"line":15,"column":9},"end":{"line":15,"column":28}},"loc":{"start":{"line":15,"column":31},"end":{"line":22,"column":1}},"line":15},"2":{"name":"App","decl":{"start":{"line":24,"column":9},"end":{"line":24,"column":12}},"loc":{"start":{"line":24,"column":15},"end":{"line":66,"column":1}},"line":24},"3":{"name":"(anonymous_3)","decl":{"start":{"line":29,"column":12},"end":{"line":29,"column":13}},"loc":{"start":{"line":29,"column":18},"end":{"line":36,"column":3}},"line":29},"4":{"name":"(anonymous_4)","decl":{"start":{"line":30,"column":22},"end":{"line":30,"column":23}},"loc":{"start":{"line":30,"column":28},"end":{"line":33,"column":5}},"line":30},"5":{"name":"(anonymous_5)","decl":{"start":{"line":35,"column":11},"end":{"line":35,"column":12}},"loc":{"start":{"line":35,"column":17},"end":{"line":35,"column":80}},"line":35},"6":{"name":"(anonymous_6)","decl":{"start":{"line":38,"column":21},"end":{"line":38,"column":22}},"loc":{"start":{"line":38,"column":28},"end":{"line":41,"column":3}},"line":38},"7":{"name":"(anonymous_7)","decl":{"start":{"line":43,"column":23},"end":{"line":43,"column":24}},"loc":{"start":{"line":43,"column":29},"end":{"line":48,"column":3}},"line":43},"8":{"name":"(anonymous_8)","decl":{"start":{"line":54,"column":24},"end":{"line":54,"column":25}},"loc":{"start":{"line":54,"column":30},"end":{"line":54,"column":53}},"line":54},"9":{"name":"(anonymous_9)","decl":{"start":{"line":59,"column":29},"end":{"line":59,"column":30}},"loc":{"start":{"line":59,"column":35},"end":{"line":59,"column":55}},"line":59}},"branchMap":{"0":{"loc":{"start":{"line":9,"column":11},"end":{"line":9,"column":39}},"type":"cond-expr","locations":[{"start":{"line":9,"column":17},"end":{"line":9,"column":32}},{"start":{"line":9,"column":35},"end":{"line":9,"column":39}}],"line":9},"1":{"loc":{"start":{"line":18,"column":2},"end":{"line":20,"column":3}},"type":"if","locations":[{"start":{"line":18,"column":2},"end":{"line":20,"column":3}},{"start":{},"end":{}}],"line":18},"2":{"loc":{"start":{"line":18,"column":6},"end":{"line":18,"column":16}},"type":"binary-expr","locations":[{"start":{"line":18,"column":6},"end":{"line":18,"column":11}},{"start":{"line":18,"column":15},"end":{"line":18,"column":16}}],"line":18},"3":{"loc":{"start":{"line":52,"column":7},"end":{"line":57,"column":7}},"type":"binary-expr","locations":[{"start":{"line":52,"column":7},"end":{"line":52,"column":27}},{"start":{"line":53,"column":8},"end":{"line":56,"column":10}}],"line":52},"4":{"loc":{"start":{"line":58,"column":7},"end":{"line":60,"column":7}},"type":"binary-expr","locations":[{"start":{"line":58,"column":7},"end":{"line":58,"column":30}},{"start":{"line":59,"column":8},"end":{"line":59,"column":59}}],"line":58},"5":{"loc":{"start":{"line":61,"column":7},"end":{"line":63,"column":7}},"type":"binary-expr","locations":[{"start":{"line":61,"column":7},"end":{"line":61,"column":28}},{"start":{"line":61,"column":32},"end":{"line":61,"column":39}},{"start":{"line":62,"column":8},"end":{"line":62,"column":66}}],"line":61}},"s":{"0":11,"1":11,"2":11,"3":1,"4":11,"5":11,"6":11,"7":4,"8":7,"9":11,"10":11,"11":11,"12":11,"13":6,"14":1,"15":1,"16":6,"17":6,"18":6,"19":11,"20":1,"21":1,"22":11,"23":1,"24":1,"25":1,"26":1,"27":11,"28":1,"29":1},"f":{"0":11,"1":11,"2":11,"3":6,"4":1,"5":6,"6":1,"7":1,"8":1,"9":1},"b":{"0":[5,6],"1":[4,7],"2":[11,5],"3":[11,7],"4":[11,1],"5":[11,3,3]},"_coverageSchema":"1a1c01bbd47fc00a2c39e90264f33305004495a9","hash":"038403360fb3666266d53c4b4e8adf7ab8e031e8"}
,"C:\\Users\\Lenovo\\OneDrive\\universidad\\Ingenieria de software\\Proyecto_ingSoftware2-master\\Proyecto_ingSoftware2-master\\src\\componentes\\Cart.jsx": {"path":"C:\\Users\\Lenovo\\OneDrive\\universidad\\Ingenieria de software\\Proyecto_ingSoftware2-master\\Proyecto_ingSoftware2-master\\src\\componentes\\Cart.jsx","statementMap":{"0":{"start":{"line":13,"column":2},"end":{"line":38,"column":3}},"1":{"start":{"line":20,"column":12},"end":{"line":25,"column":14}}},"fnMap":{"0":{"name":"Cart","decl":{"start":{"line":4,"column":9},"end":{"line":4,"column":13}},"loc":{"start":{"line":12,"column":3},"end":{"line":39,"column":1}},"line":12},"1":{"name":"(anonymous_1)","decl":{"start":{"line":19,"column":21},"end":{"line":19,"column":22}},"loc":{"start":{"line":20,"column":12},"end":{"line":25,"column":14}},"line":20}},"branchMap":{"0":{"loc":{"start":{"line":7,"column":2},"end":{"line":7,"column":31}},"type":"default-arg","locations":[{"start":{"line":7,"column":15},"end":{"line":7,"column":31}}],"line":7},"1":{"loc":{"start":{"line":15,"column":7},"end":{"line":28,"column":7}},"type":"cond-expr","locations":[{"start":{"line":16,"column":8},"end":{"line":16,"column":45}},{"start":{"line":18,"column":8},"end":{"line":27,"column":13}}],"line":15}},"s":{"0":406,"1":315},"f":{"0":406,"1":315},"b":{"0":[2],"1":[92,314]},"_coverageSchema":"1a1c01bbd47fc00a2c39e90264f33305004495a9","hash":"899ad263188732142edfd8fb6651afcdcf836758"}
,"C:\\Users\\Lenovo\\OneDrive\\universidad\\Ingenieria de software\\Proyecto_ingSoftware2-master\\Proyecto_ingSoftware2-master\\src\\componentes\\CartItem.jsx": {"path":"C:\\Users\\Lenovo\\OneDrive\\universidad\\Ingenieria de software\\Proyecto_ingSoftware2-master\\Proyecto_ingSoftware2-master\\src\\componentes\\CartItem.jsx","statementMap":{"0":{"start":{"line":7,"column":2},"end":{"line":48,"column":3}},"1":{"start":{"line":22,"column":27},"end":{"line":22,"column":71}},"2":{"start":{"line":32,"column":27},"end":{"line":32,"column":71}},"3":{"start":{"line":41,"column":25},"end":{"line":41,"column":42}}},"fnMap":{"0":{"name":"CartItem","decl":{"start":{"line":6,"column":9},"end":{"line":6,"column":17}},"loc":{"start":{"line":6,"column":56},"end":{"line":49,"column":1}},"line":6},"1":{"name":"(anonymous_1)","decl":{"start":{"line":22,"column":21},"end":{"line":22,"column":22}},"loc":{"start":{"line":22,"column":27},"end":{"line":22,"column":71}},"line":22},"2":{"name":"(anonymous_2)","decl":{"start":{"line":32,"column":21},"end":{"line":32,"column":22}},"loc":{"start":{"line":32,"column":27},"end":{"line":32,"column":71}},"line":32},"3":{"name":"(anonymous_3)","decl":{"start":{"line":41,"column":19},"end":{"line":41,"column":20}},"loc":{"start":{"line":41,"column":25},"end":{"line":41,"column":42}},"line":41}},"branchMap":{},"s":{"0":320,"1":1,"2":5,"3":4},"f":{"0":320,"1":1,"2":5,"3":4},"b":{},"_coverageSchema":"1a1c01bbd47fc00a2c39e90264f33305004495a9","hash":"4fbba27d34f8152c16ca2049ad7b965fdb4d87c4"}
,"C:\\Users\\Lenovo\\OneDrive\\universidad\\Ingenieria de software\\Proyecto_ingSoftware2-master\\Proyecto_ingSoftware2-master\\src\\componentes\\CheckoutButton.jsx": {"path":"C:\\Users\\Lenovo\\OneDrive\\universidad\\Ingenieria de software\\Proyecto_ingSoftware2-master\\Proyecto_ingSoftware2-master\\src\\componentes\\CheckoutButton.jsx","statementMap":{"0":{"start":{"line":2,"column":2},"end":{"line":12,"column":3}}},"fnMap":{"0":{"name":"CheckoutButton","decl":{"start":{"line":1,"column":9},"end":{"line":1,"column":23}},"loc":{"start":{"line":1,"column":66},"end":{"line":13,"column":1}},"line":1}},"branchMap":{"0":{"loc":{"start":{"line":10,"column":7},"end":{"line":10,"column":49}},"type":"cond-expr","locations":[{"start":{"line":10,"column":17},"end":{"line":10,"column":20}},{"start":{"line":10,"column":23},"end":{"line":10,"column":49}}],"line":10},"1":{"loc":{"start":{"line":10,"column":23},"end":{"line":10,"column":49}},"type":"binary-expr","locations":[{"start":{"line":10,"column":23},"end":{"line":10,"column":31}},{"start":{"line":10,"column":35},"end":{"line":10,"column":49}}],"line":10}},"s":{"0":414},"f":{"0":414},"b":{"0":[5,409],"1":[409,1]},"_coverageSchema":"1a1c01bbd47fc00a2c39e90264f33305004495a9","hash":"1e6844911bad413033ba727d6c5b2d91f5c09fcf"}
,"C:\\Users\\Lenovo\\OneDrive\\universidad\\Ingenieria de software\\Proyecto_ingSoftware2-master\\Proyecto_ingSoftware2-master\\src\\componentes\\Login.jsx": {"path":"C:\\Users\\Lenovo\\OneDrive\\universidad\\Ingenieria de software\\Proyecto_ingSoftware2-master\\Proyecto_ingSoftware2-master\\src\\componentes\\Login.jsx","statementMap":{"0":{"start":{"line":6,"column":30},"end":{"line":6,"column":42}},"1":{"start":{"line":7,"column":34},"end":{"line":7,"column":46}},"2":{"start":{"line":8,"column":28},"end":{"line":8,"column":40}},"3":{"start":{"line":9,"column":34},"end":{"line":9,"column":49}},"4":{"start":{"line":11,"column":23},"end":{"line":38,"column":3}},"5":{"start":{"line":12,"column":4},"end":{"line":12,"column":22}},"6":{"start":{"line":13,"column":4},"end":{"line":13,"column":16}},"7":{"start":{"line":14,"column":4},"end":{"line":17,"column":5}},"8":{"start":{"line":15,"column":6},"end":{"line":15,"column":47}},"9":{"start":{"line":16,"column":6},"end":{"line":16,"column":12}},"10":{"start":{"line":19,"column":4},"end":{"line":19,"column":21}},"11":{"start":{"line":20,"column":4},"end":{"line":37,"column":5}},"12":{"start":{"line":21,"column":20},"end":{"line":24,"column":8}},"13":{"start":{"line":25,"column":6},"end":{"line":25,"column":55}},"14":{"start":{"line":26,"column":6},"end":{"line":26,"column":69}},"15":{"start":{"line":27,"column":6},"end":{"line":27,"column":31}},"16":{"start":{"line":29,"column":6},"end":{"line":34,"column":7}},"17":{"start":{"line":30,"column":24},"end":{"line":30,"column":60}},"18":{"start":{"line":31,"column":8},"end":{"line":31,"column":40}},"19":{"start":{"line":33,"column":8},"end":{"line":33,"column":56}},"20":{"start":{"line":36,"column":6},"end":{"line":36,"column":24}},"21":{"start":{"line":40,"column":2},"end":{"line":123,"column":3}},"22":{"start":{"line":65,"column":31},"end":{"line":65,"column":56}},"23":{"start":{"line":76,"column":31},"end":{"line":76,"column":58}}},"fnMap":{"0":{"name":"Login","decl":{"start":{"line":5,"column":9},"end":{"line":5,"column":14}},"loc":{"start":{"line":5,"column":48},"end":{"line":124,"column":1}},"line":5},"1":{"name":"(anonymous_1)","decl":{"start":{"line":11,"column":23},"end":{"line":11,"column":24}},"loc":{"start":{"line":11,"column":36},"end":{"line":38,"column":3}},"line":11},"2":{"name":"(anonymous_2)","decl":{"start":{"line":65,"column":24},"end":{"line":65,"column":25}},"loc":{"start":{"line":65,"column":31},"end":{"line":65,"column":56}},"line":65},"3":{"name":"(anonymous_3)","decl":{"start":{"line":76,"column":24},"end":{"line":76,"column":25}},"loc":{"start":{"line":76,"column":31},"end":{"line":76,"column":58}},"line":76}},"branchMap":{"0":{"loc":{"start":{"line":14,"column":4},"end":{"line":17,"column":5}},"type":"if","locations":[{"start":{"line":14,"column":4},"end":{"line":17,"column":5}},{"start":{},"end":{}}],"line":14},"1":{"loc":{"start":{"line":14,"column":8},"end":{"line":14,"column":35}},"type":"binary-expr","locations":[{"start":{"line":14,"column":8},"end":{"line":14,"column":22}},{"start":{"line":14,"column":26},"end":{"line":14,"column":35}}],"line":14},"2":{"loc":{"start":{"line":29,"column":6},"end":{"line":34,"column":7}},"type":"if","locations":[{"start":{"line":29,"column":6},"end":{"line":34,"column":7}},{"start":{"line":32,"column":13},"end":{"line":34,"column":7}}],"line":29},"3":{"loc":{"start":{"line":31,"column":17},"end":{"line":31,"column":39}},"type":"binary-expr","locations":[{"start":{"line":31,"column":17},"end":{"line":31,"column":24}},{"start":{"line":31,"column":28},"end":{"line":31,"column":39}}],"line":31},"4":{"loc":{"start":{"line":81,"column":11},"end":{"line":89,"column":18}},"type":"cond-expr","locations":[{"start":{"line":82,"column":12},"end":{"line":88,"column":16}},{"start":{"line":89,"column":14},"end":{"line":89,"column":18}}],"line":81},"5":{"loc":{"start":{"line":97,"column":13},"end":{"line":97,"column":46}},"type":"cond-expr","locations":[{"start":{"line":97,"column":24},"end":{"line":97,"column":35}},{"start":{"line":97,"column":38},"end":{"line":97,"column":46}}],"line":97}},"s":{"0":96,"1":96,"2":96,"3":96,"4":96,"5":5,"6":5,"7":5,"8":1,"9":1,"10":4,"11":4,"12":4,"13":2,"14":2,"15":2,"16":2,"17":1,"18":1,"19":1,"20":4,"21":96,"22":44,"23":32},"f":{"0":96,"1":5,"2":44,"3":32},"b":{"0":[1,4],"1":[5,4],"2":[1,1],"3":[1,1],"4":[3,93],"5":[4,92]},"_coverageSchema":"1a1c01bbd47fc00a2c39e90264f33305004495a9","hash":"33f2a2685ee47ea5fe87889751d86ef06951dfd7"}
,"C:\\Users\\Lenovo\\OneDrive\\universidad\\Ingenieria de software\\Proyecto_ingSoftware2-master\\Proyecto_ingSoftware2-master\\src\\componentes\\Registro.jsx": {"path":"C:\\Users\\Lenovo\\OneDrive\\universidad\\Ingenieria de software\\Proyecto_ingSoftware2-master\\Proyecto_ingSoftware2-master\\src\\componentes\\Registro.jsx","statementMap":{"0":{"start":{"line":6,"column":30},"end":{"line":6,"column":42}},"1":{"start":{"line":7,"column":30},"end":{"line":7,"column":42}},"2":{"start":{"line":8,"column":34},"end":{"line":8,"column":46}},"3":{"start":{"line":9,"column":36},"end":{"line":9,"column":48}},"4":{"start":{"line":10,"column":28},"end":{"line":10,"column":40}},"5":{"start":{"line":11,"column":22},"end":{"line":11,"column":37}},"6":{"start":{"line":12,"column":34},"end":{"line":12,"column":49}},"7":{"start":{"line":14,"column":26},"end":{"line":63,"column":3}},"8":{"start":{"line":15,"column":4},"end":{"line":15,"column":22}},"9":{"start":{"line":16,"column":4},"end":{"line":16,"column":16}},"10":{"start":{"line":17,"column":4},"end":{"line":17,"column":16}},"11":{"start":{"line":19,"column":25},"end":{"line":19,"column":38}},"12":{"start":{"line":20,"column":4},"end":{"line":23,"column":5}},"13":{"start":{"line":21,"column":6},"end":{"line":21,"column":52}},"14":{"start":{"line":22,"column":6},"end":{"line":22,"column":12}},"15":{"start":{"line":24,"column":4},"end":{"line":27,"column":5}},"16":{"start":{"line":25,"column":6},"end":{"line":25,"column":61}},"17":{"start":{"line":26,"column":6},"end":{"line":26,"column":12}},"18":{"start":{"line":28,"column":4},"end":{"line":31,"column":5}},"19":{"start":{"line":29,"column":6},"end":{"line":29,"column":65}},"20":{"start":{"line":30,"column":6},"end":{"line":30,"column":12}},"21":{"start":{"line":32,"column":4},"end":{"line":35,"column":5}},"22":{"start":{"line":33,"column":6},"end":{"line":33,"column":47}},"23":{"start":{"line":34,"column":6},"end":{"line":34,"column":12}},"24":{"start":{"line":37,"column":4},"end":{"line":37,"column":21}},"25":{"start":{"line":38,"column":4},"end":{"line":62,"column":5}},"26":{"start":{"line":39,"column":6},"end":{"line":46,"column":8}},"27":{"start":{"line":47,"column":6},"end":{"line":47,"column":17}},"28":{"start":{"line":48,"column":6},"end":{"line":48,"column":19}},"29":{"start":{"line":49,"column":6},"end":{"line":49,"column":19}},"30":{"start":{"line":50,"column":6},"end":{"line":50,"column":21}},"31":{"start":{"line":51,"column":6},"end":{"line":51,"column":22}},"32":{"start":{"line":52,"column":6},"end":{"line":52,"column":40}},"33":{"start":{"line":52,"column":23},"end":{"line":52,"column":34}},"34":{"start":{"line":54,"column":6},"end":{"line":59,"column":7}},"35":{"start":{"line":55,"column":24},"end":{"line":55,"column":60}},"36":{"start":{"line":56,"column":8},"end":{"line":56,"column":40}},"37":{"start":{"line":58,"column":8},"end":{"line":58,"column":56}},"38":{"start":{"line":61,"column":6},"end":{"line":61,"column":24}},"39":{"start":{"line":65,"column":2},"end":{"line":160,"column":3}},"40":{"start":{"line":89,"column":31},"end":{"line":89,"column":56}},"41":{"start":{"line":100,"column":31},"end":{"line":100,"column":56}},"42":{"start":{"line":111,"column":31},"end":{"line":111,"column":58}},"43":{"start":{"line":122,"column":31},"end":{"line":122,"column":59}}},"fnMap":{"0":{"name":"Registro","decl":{"start":{"line":5,"column":9},"end":{"line":5,"column":17}},"loc":{"start":{"line":5,"column":33},"end":{"line":161,"column":1}},"line":5},"1":{"name":"(anonymous_1)","decl":{"start":{"line":14,"column":26},"end":{"line":14,"column":27}},"loc":{"start":{"line":14,"column":39},"end":{"line":63,"column":3}},"line":14},"2":{"name":"(anonymous_2)","decl":{"start":{"line":52,"column":17},"end":{"line":52,"column":18}},"loc":{"start":{"line":52,"column":23},"end":{"line":52,"column":34}},"line":52},"3":{"name":"(anonymous_3)","decl":{"start":{"line":89,"column":24},"end":{"line":89,"column":25}},"loc":{"start":{"line":89,"column":31},"end":{"line":89,"column":56}},"line":89},"4":{"name":"(anonymous_4)","decl":{"start":{"line":100,"column":24},"end":{"line":100,"column":25}},"loc":{"start":{"line":100,"column":31},"end":{"line":100,"column":56}},"line":100},"5":{"name":"(anonymous_5)","decl":{"start":{"line":111,"column":24},"end":{"line":111,"column":25}},"loc":{"start":{"line":111,"column":31},"end":{"line":111,"column":58}},"line":111},"6":{"name":"(anonymous_6)","decl":{"start":{"line":122,"column":24},"end":{"line":122,"column":25}},"loc":{"start":{"line":122,"column":31},"end":{"line":122,"column":59}},"line":122}},"branchMap":{"0":{"loc":{"start":{"line":20,"column":4},"end":{"line":23,"column":5}},"type":"if","locations":[{"start":{"line":20,"column":4},"end":{"line":23,"column":5}},{"start":{},"end":{}}],"line":20},"1":{"loc":{"start":{"line":20,"column":8},"end":{"line":20,"column":66}},"type":"binary-expr","locations":[{"start":{"line":20,"column":8},"end":{"line":20,"column":21}},{"start":{"line":20,"column":25},"end":{"line":20,"column":39}},{"start":{"line":20,"column":43},"end":{"line":20,"column":52}},{"start":{"line":20,"column":56},"end":{"line":20,"column":66}}],"line":20},"2":{"loc":{"start":{"line":24,"column":4},"end":{"line":27,"column":5}},"type":"if","locations":[{"start":{"line":24,"column":4},"end":{"line":27,"column":5}},{"start":{},"end":{}}],"line":24},"3":{"loc":{"start":{"line":28,"column":4},"end":{"line":31,"column":5}},"type":"if","locations":[{"start":{"line":28,"column":4},"end":{"line":31,"column":5}},{"start":{},"end":{}}],"line":28},"4":{"loc":{"start":{"line":32,"column":4},"end":{"line":35,"column":5}},"type":"if","locations":[{"start":{"line":32,"column":4},"end":{"line":35,"column":5}},{"start":{},"end":{}}],"line":32},"5":{"loc":{"start":{"line":54,"column":6},"end":{"line":59,"column":7}},"type":"if","locations":[{"start":{"line":54,"column":6},"end":{"line":59,"column":7}},{"start":{"line":57,"column":13},"end":{"line":59,"column":7}}],"line":54},"6":{"loc":{"start":{"line":56,"column":17},"end":{"line":56,"column":39}},"type":"binary-expr","locations":[{"start":{"line":56,"column":17},"end":{"line":56,"column":24}},{"start":{"line":56,"column":28},"end":{"line":56,"column":39}}],"line":56},"7":{"loc":{"start":{"line":127,"column":11},"end":{"line":135,"column":18}},"type":"cond-expr","locations":[{"start":{"line":128,"column":12},"end":{"line":134,"column":16}},{"start":{"line":135,"column":14},"end":{"line":135,"column":18}}],"line":127},"8":{"loc":{"start":{"line":136,"column":11},"end":{"line":140,"column":18}},"type":"cond-expr","locations":[{"start":{"line":137,"column":12},"end":{"line":139,"column":16}},{"start":{"line":140,"column":14},"end":{"line":140,"column":18}}],"line":136},"9":{"loc":{"start":{"line":148,"column":13},"end":{"line":148,"column":50}},"type":"cond-expr","locations":[{"start":{"line":148,"column":24},"end":{"line":148,"column":34}},{"start":{"line":148,"column":37},"end":{"line":148,"column":50}}],"line":148}},"s":{"0":209,"1":209,"2":209,"3":209,"4":209,"5":209,"6":209,"7":209,"8":7,"9":7,"10":7,"11":7,"12":7,"13":1,"14":1,"15":6,"16":1,"17":1,"18":5,"19":1,"20":1,"21":4,"22":1,"23":1,"24":3,"25":3,"26":3,"27":1,"28":1,"29":1,"30":1,"31":1,"32":1,"33":1,"34":2,"35":1,"36":1,"37":1,"38":3,"39":209,"40":40,"41":60,"42":45,"43":45},"f":{"0":209,"1":7,"2":1,"3":40,"4":60,"5":45,"6":45},"b":{"0":[1,6],"1":[7,6,6,6],"2":[1,5],"3":[1,4],"4":[1,3],"5":[1,1],"6":[1,1],"7":[6,203],"8":[1,208],"9":[3,206]},"_coverageSchema":"1a1c01bbd47fc00a2c39e90264f33305004495a9","hash":"483683da3bb15f486f1febb45725e7d28ee14dca"}
,"C:\\Users\\Lenovo\\OneDrive\\universidad\\Ingenieria de software\\Proyecto_ingSoftware2-master\\Proyecto_ingSoftware2-master\\src\\componentes\\Tienda.jsx": {"path":"C:\\Users\\Lenovo\\OneDrive\\universidad\\Ingenieria de software\\Proyecto_ingSoftware2-master\\Proyecto_ingSoftware2-master\\src\\componentes\\Tienda.jsx","statementMap":{"0":{"start":{"line":8,"column":22},"end":{"line":13,"column":1}},"1":{"start":{"line":16,"column":2},"end":{"line":21,"column":3}},"2":{"start":{"line":25,"column":32},"end":{"line":25,"column":48}},"3":{"start":{"line":26,"column":16},"end":{"line":26,"column":33}},"4":{"start":{"line":27,"column":15},"end":{"line":27,"column":38}},"5":{"start":{"line":28,"column":14},"end":{"line":28,"column":24}},"6":{"start":{"line":29,"column":2},"end":{"line":32,"column":3}},"7":{"start":{"line":36,"column":18},"end":{"line":36,"column":40}},"8":{"start":{"line":37,"column":2},"end":{"line":39,"column":3}},"9":{"start":{"line":38,"column":4},"end":{"line":38,"column":54}},"10":{"start":{"line":40,"column":2},"end":{"line":42,"column":3}},"11":{"start":{"line":41,"column":4},"end":{"line":41,"column":57}},"12":{"start":{"line":43,"column":2},"end":{"line":45,"column":3}},"13":{"start":{"line":44,"column":4},"end":{"line":44,"column":64}},"14":{"start":{"line":46,"column":2},"end":{"line":48,"column":3}},"15":{"start":{"line":47,"column":4},"end":{"line":47,"column":48}},"16":{"start":{"line":49,"column":2},"end":{"line":51,"column":3}},"17":{"start":{"line":50,"column":4},"end":{"line":50,"column":56}},"18":{"start":{"line":52,"column":2},"end":{"line":52,"column":20}},"19":{"start":{"line":56,"column":34},"end":{"line":56,"column":46}},"20":{"start":{"line":57,"column":32},"end":{"line":57,"column":68}},"21":{"start":{"line":58,"column":42},"end":{"line":58,"column":57}},"22":{"start":{"line":59,"column":34},"end":{"line":59,"column":48}},"23":{"start":{"line":60,"column":28},"end":{"line":60,"column":40}},"24":{"start":{"line":61,"column":40},"end":{"line":61,"column":52}},"25":{"start":{"line":62,"column":42},"end":{"line":62,"column":56}},"26":{"start":{"line":63,"column":30},"end":{"line":63,"column":44}},"27":{"start":{"line":64,"column":42},"end":{"line":64,"column":57}},"28":{"start":{"line":65,"column":36},"end":{"line":65,"column":51}},"29":{"start":{"line":66,"column":40},"end":{"line":66,"column":55}},"30":{"start":{"line":67,"column":40},"end":{"line":67,"column":63}},"31":{"start":{"line":68,"column":42},"end":{"line":68,"column":54}},"32":{"start":{"line":70,"column":25},"end":{"line":73,"column":8}},"33":{"start":{"line":71,"column":18},"end":{"line":71,"column":40}},"34":{"start":{"line":72,"column":4},"end":{"line":72,"column":22}},"35":{"start":{"line":75,"column":24},"end":{"line":78,"column":8}},"36":{"start":{"line":76,"column":14},"end":{"line":76,"column":32}},"37":{"start":{"line":77,"column":4},"end":{"line":77,"column":17}},"38":{"start":{"line":80,"column":2},"end":{"line":98,"column":37}},"39":{"start":{"line":81,"column":17},"end":{"line":81,"column":22}},"40":{"start":{"line":82,"column":5},"end":{"line":94,"column":8}},"41":{"start":{"line":83,"column":6},"end":{"line":83,"column":23}},"42":{"start":{"line":84,"column":6},"end":{"line":84,"column":18}},"43":{"start":{"line":85,"column":6},"end":{"line":93,"column":7}},"44":{"start":{"line":86,"column":8},"end":{"line":86,"column":62}},"45":{"start":{"line":88,"column":8},"end":{"line":90,"column":9}},"46":{"start":{"line":89,"column":10},"end":{"line":89,"column":29}},"47":{"start":{"line":92,"column":8},"end":{"line":92,"column":39}},"48":{"start":{"line":92,"column":21},"end":{"line":92,"column":39}},"49":{"start":{"line":95,"column":4},"end":{"line":97,"column":5}},"50":{"start":{"line":96,"column":6},"end":{"line":96,"column":19}},"51":{"start":{"line":100,"column":27},"end":{"line":120,"column":3}},"52":{"start":{"line":101,"column":4},"end":{"line":101,"column":26}},"53":{"start":{"line":102,"column":4},"end":{"line":102,"column":16}},"54":{"start":{"line":103,"column":4},"end":{"line":103,"column":22}},"55":{"start":{"line":104,"column":4},"end":{"line":104,"column":25}},"56":{"start":{"line":105,"column":4},"end":{"line":105,"column":25}},"57":{"start":{"line":106,"column":4},"end":{"line":106,"column":23}},"58":{"start":{"line":107,"column":4},"end":{"line":119,"column":5}},"59":{"start":{"line":108,"column":26},"end":{"line":111,"column":8}},"60":{"start":{"line":112,"column":6},"end":{"line":112,"column":29}},"61":{"start":{"line":113,"column":6},"end":{"line":113,"column":27}},"62":{"start":{"line":114,"column":6},"end":{"line":114,"column":28}},"63":{"start":{"line":116,"column":6},"end":{"line":116,"column":52}},"64":{"start":{"line":116,"column":33},"end":{"line":116,"column":52}},"65":{"start":{"line":118,"column":6},"end":{"line":118,"column":21}},"66":{"start":{"line":122,"column":29},"end":{"line":137,"column":3}},"67":{"start":{"line":123,"column":4},"end":{"line":123,"column":16}},"68":{"start":{"line":124,"column":4},"end":{"line":124,"column":25}},"69":{"start":{"line":125,"column":4},"end":{"line":125,"column":25}},"70":{"start":{"line":126,"column":4},"end":{"line":126,"column":23}},"71":{"start":{"line":127,"column":4},"end":{"line":136,"column":5}},"72":{"start":{"line":128,"column":26},"end":{"line":131,"column":8}},"73":{"start":{"line":132,"column":6},"end":{"line":132,"column":29}},"74":{"start":{"line":133,"column":6},"end":{"line":133,"column":28}},"75":{"start":{"line":135,"column":6},"end":{"line":135,"column":52}},"76":{"start":{"line":135,"column":33},"end":{"line":135,"column":52}},"77":{"start":{"line":139,"column":24},"end":{"line":153,"column":3}},"78":{"start":{"line":140,"column":4},"end":{"line":140,"column":16}},"79":{"start":{"line":141,"column":4},"end":{"line":141,"column":25}},"80":{"start":{"line":142,"column":4},"end":{"line":142,"column":25}},"81":{"start":{"line":143,"column":4},"end":{"line":143,"column":23}},"82":{"start":{"line":144,"column":4},"end":{"line":152,"column":5}},"83":{"start":{"line":145,"column":26},"end":{"line":147,"column":8}},"84":{"start":{"line":148,"column":6},"end":{"line":148,"column":29}},"85":{"start":{"line":149,"column":6},"end":{"line":149,"column":28}},"86":{"start":{"line":151,"column":6},"end":{"line":151,"column":52}},"87":{"start":{"line":151,"column":33},"end":{"line":151,"column":52}},"88":{"start":{"line":155,"column":24},"end":{"line":170,"column":3}},"89":{"start":{"line":156,"column":4},"end":{"line":156,"column":16}},"90":{"start":{"line":157,"column":4},"end":{"line":157,"column":22}},"91":{"start":{"line":158,"column":4},"end":{"line":158,"column":25}},"92":{"start":{"line":159,"column":4},"end":{"line":159,"column":25}},"93":{"start":{"line":160,"column":4},"end":{"line":160,"column":23}},"94":{"start":{"line":161,"column":4},"end":{"line":161,"column":22}},"95":{"start":{"line":162,"column":4},"end":{"line":169,"column":5}},"96":{"start":{"line":163,"column":26},"end":{"line":163,"column":66}},"97":{"start":{"line":164,"column":6},"end":{"line":164,"column":29}},"98":{"start":{"line":166,"column":6},"end":{"line":166,"column":52}},"99":{"start":{"line":166,"column":33},"end":{"line":166,"column":52}},"100":{"start":{"line":168,"column":6},"end":{"line":168,"column":25}},"101":{"start":{"line":172,"column":19},"end":{"line":211,"column":3}},"102":{"start":{"line":173,"column":4},"end":{"line":173,"column":26}},"103":{"start":{"line":174,"column":4},"end":{"line":174,"column":16}},"104":{"start":{"line":175,"column":4},"end":{"line":175,"column":22}},"105":{"start":{"line":176,"column":4},"end":{"line":176,"column":23}},"106":{"start":{"line":177,"column":23},"end":{"line":177,"column":51}},"107":{"start":{"line":178,"column":4},"end":{"line":181,"column":5}},"108":{"start":{"line":179,"column":6},"end":{"line":179,"column":39}},"109":{"start":{"line":180,"column":6},"end":{"line":180,"column":12}},"110":{"start":{"line":182,"column":4},"end":{"line":182,"column":25}},"111":{"start":{"line":183,"column":25},"end":{"line":186,"column":5}},"112":{"start":{"line":184,"column":42},"end":{"line":184,"column":53}},"113":{"start":{"line":187,"column":4},"end":{"line":210,"column":5}},"114":{"start":{"line":188,"column":18},"end":{"line":191,"column":8}},"115":{"start":{"line":192,"column":6},"end":{"line":194,"column":7}},"116":{"start":{"line":195,"column":6},"end":{"line":200,"column":8}},"117":{"start":{"line":201,"column":6},"end":{"line":201,"column":27}},"118":{"start":{"line":202,"column":6},"end":{"line":202,"column":28}},"119":{"start":{"line":203,"column":6},"end":{"line":203,"column":27}},"120":{"start":{"line":204,"column":6},"end":{"line":204,"column":27}},"121":{"start":{"line":205,"column":6},"end":{"line":205,"column":35}},"122":{"start":{"line":207,"column":6},"end":{"line":207,"column":52}},"123":{"start":{"line":207,"column":33},"end":{"line":207,"column":52}},"124":{"start":{"line":209,"column":6},"end":{"line":209,"column":28}},"125":{"start":{"line":213,"column":21},"end":{"line":213,"column":70}},"126":{"start":{"line":213,"column":52},"end":{"line":213,"column":66}},"127":{"start":{"line":214,"column":29},"end":{"line":216,"column":3}},"128":{"start":{"line":215,"column":4},"end":{"line":215,"column":65}},"129":{"start":{"line":215,"column":33},"end":{"line":215,"column":63}},"130":{"start":{"line":218,"column":2},"end":{"line":482,"column":3}},"131":{"start":{"line":238,"column":27},"end":{"line":238,"column":48}},"132":{"start":{"line":289,"column":14},"end":{"line":307,"column":24}},"133":{"start":{"line":302,"column":35},"end":{"line":302,"column":54}},"134":{"start":{"line":315,"column":23},"end":{"line":315,"column":45}},"135":{"start":{"line":316,"column":26},"end":{"line":316,"column":70}},"136":{"start":{"line":328,"column":27},"end":{"line":328,"column":49}},"137":{"start":{"line":353,"column":20},"end":{"line":358,"column":25}},"138":{"start":{"line":387,"column":24},"end":{"line":387,"column":72}},"139":{"start":{"line":400,"column":24},"end":{"line":400,"column":72}},"140":{"start":{"line":413,"column":26},"end":{"line":413,"column":70}},"141":{"start":{"line":426,"column":26},"end":{"line":426,"column":67}},"142":{"start":{"line":471,"column":18},"end":{"line":471,"column":38}},"143":{"start":{"line":472,"column":18},"end":{"line":472,"column":37}}},"fnMap":{"0":{"name":"normalizePayment","decl":{"start":{"line":15,"column":9},"end":{"line":15,"column":25}},"loc":{"start":{"line":15,"column":32},"end":{"line":22,"column":1}},"line":15},"1":{"name":"isFutureExpiry","decl":{"start":{"line":24,"column":9},"end":{"line":24,"column":23}},"loc":{"start":{"line":24,"column":31},"end":{"line":33,"column":1}},"line":24},"2":{"name":"validatePayment","decl":{"start":{"line":35,"column":9},"end":{"line":35,"column":24}},"loc":{"start":{"line":35,"column":31},"end":{"line":53,"column":1}},"line":35},"3":{"name":"Tienda","decl":{"start":{"line":55,"column":9},"end":{"line":55,"column":15}},"loc":{"start":{"line":55,"column":45},"end":{"line":483,"column":1}},"line":55},"4":{"name":"(anonymous_4)","decl":{"start":{"line":70,"column":37},"end":{"line":70,"column":38}},"loc":{"start":{"line":70,"column":49},"end":{"line":73,"column":3}},"line":70},"5":{"name":"(anonymous_5)","decl":{"start":{"line":75,"column":36},"end":{"line":75,"column":37}},"loc":{"start":{"line":75,"column":48},"end":{"line":78,"column":3}},"line":75},"6":{"name":"(anonymous_6)","decl":{"start":{"line":80,"column":12},"end":{"line":80,"column":13}},"loc":{"start":{"line":80,"column":18},"end":{"line":98,"column":3}},"line":80},"7":{"name":"(anonymous_7)","decl":{"start":{"line":82,"column":6},"end":{"line":82,"column":7}},"loc":{"start":{"line":82,"column":18},"end":{"line":94,"column":5}},"line":82},"8":{"name":"(anonymous_8)","decl":{"start":{"line":95,"column":11},"end":{"line":95,"column":12}},"loc":{"start":{"line":95,"column":17},"end":{"line":97,"column":5}},"line":95},"9":{"name":"(anonymous_9)","decl":{"start":{"line":100,"column":27},"end":{"line":100,"column":28}},"loc":{"start":{"line":100,"column":47},"end":{"line":120,"column":3}},"line":100},"10":{"name":"(anonymous_10)","decl":{"start":{"line":122,"column":29},"end":{"line":122,"column":30}},"loc":{"start":{"line":122,"column":57},"end":{"line":137,"column":3}},"line":122},"11":{"name":"(anonymous_11)","decl":{"start":{"line":139,"column":24},"end":{"line":139,"column":25}},"loc":{"start":{"line":139,"column":42},"end":{"line":153,"column":3}},"line":139},"12":{"name":"(anonymous_12)","decl":{"start":{"line":155,"column":24},"end":{"line":155,"column":25}},"loc":{"start":{"line":155,"column":36},"end":{"line":170,"column":3}},"line":155},"13":{"name":"(anonymous_13)","decl":{"start":{"line":172,"column":19},"end":{"line":172,"column":20}},"loc":{"start":{"line":172,"column":36},"end":{"line":211,"column":3}},"line":172},"14":{"name":"(anonymous_14)","decl":{"start":{"line":184,"column":31},"end":{"line":184,"column":32}},"loc":{"start":{"line":184,"column":42},"end":{"line":184,"column":53}},"line":184},"15":{"name":"(anonymous_15)","decl":{"start":{"line":213,"column":42},"end":{"line":213,"column":43}},"loc":{"start":{"line":213,"column":52},"end":{"line":213,"column":66}},"line":213},"16":{"name":"(anonymous_16)","decl":{"start":{"line":214,"column":29},"end":{"line":214,"column":30}},"loc":{"start":{"line":214,"column":47},"end":{"line":216,"column":3}},"line":214},"17":{"name":"(anonymous_17)","decl":{"start":{"line":215,"column":19},"end":{"line":215,"column":20}},"loc":{"start":{"line":215,"column":33},"end":{"line":215,"column":63}},"line":215},"18":{"name":"(anonymous_18)","decl":{"start":{"line":238,"column":21},"end":{"line":238,"column":22}},"loc":{"start":{"line":238,"column":27},"end":{"line":238,"column":48}},"line":238},"19":{"name":"(anonymous_19)","decl":{"start":{"line":288,"column":26},"end":{"line":288,"column":27}},"loc":{"start":{"line":289,"column":14},"end":{"line":307,"column":24}},"line":289},"20":{"name":"(anonymous_20)","decl":{"start":{"line":302,"column":29},"end":{"line":302,"column":30}},"loc":{"start":{"line":302,"column":35},"end":{"line":302,"column":54}},"line":302},"21":{"name":"(anonymous_21)","decl":{"start":{"line":315,"column":17},"end":{"line":315,"column":18}},"loc":{"start":{"line":315,"column":23},"end":{"line":315,"column":45}},"line":315},"22":{"name":"(anonymous_22)","decl":{"start":{"line":316,"column":19},"end":{"line":316,"column":20}},"loc":{"start":{"line":316,"column":26},"end":{"line":316,"column":70}},"line":316},"23":{"name":"(anonymous_23)","decl":{"start":{"line":328,"column":21},"end":{"line":328,"column":22}},"loc":{"start":{"line":328,"column":27},"end":{"line":328,"column":49}},"line":328},"24":{"name":"(anonymous_24)","decl":{"start":{"line":352,"column":42},"end":{"line":352,"column":43}},"loc":{"start":{"line":353,"column":20},"end":{"line":358,"column":25}},"line":353},"25":{"name":"(anonymous_25)","decl":{"start":{"line":386,"column":32},"end":{"line":386,"column":33}},"loc":{"start":{"line":387,"column":24},"end":{"line":387,"column":72}},"line":387},"26":{"name":"(anonymous_26)","decl":{"start":{"line":399,"column":32},"end":{"line":399,"column":33}},"loc":{"start":{"line":400,"column":24},"end":{"line":400,"column":72}},"line":400},"27":{"name":"(anonymous_27)","decl":{"start":{"line":412,"column":34},"end":{"line":412,"column":35}},"loc":{"start":{"line":413,"column":26},"end":{"line":413,"column":70}},"line":413},"28":{"name":"(anonymous_28)","decl":{"start":{"line":425,"column":34},"end":{"line":425,"column":35}},"loc":{"start":{"line":426,"column":26},"end":{"line":426,"column":67}},"line":426},"29":{"name":"(anonymous_29)","decl":{"start":{"line":470,"column":25},"end":{"line":470,"column":26}},"loc":{"start":{"line":470,"column":31},"end":{"line":473,"column":17}},"line":470}},"branchMap":{"0":{"loc":{"start":{"line":30,"column":4},"end":{"line":31,"column":63}},"type":"binary-expr","locations":[{"start":{"line":30,"column":4},"end":{"line":30,"column":28}},{"start":{"line":31,"column":5},"end":{"line":31,"column":31}},{"start":{"line":31,"column":35},"end":{"line":31,"column":62}}],"line":30},"1":{"loc":{"start":{"line":37,"column":2},"end":{"line":39,"column":3}},"type":"if","locations":[{"start":{"line":37,"column":2},"end":{"line":39,"column":3}},{"start":{},"end":{}}],"line":37},"2":{"loc":{"start":{"line":40,"column":2},"end":{"line":42,"column":3}},"type":"if","locations":[{"start":{"line":40,"column":2},"end":{"line":42,"column":3}},{"start":{},"end":{}}],"line":40},"3":{"loc":{"start":{"line":43,"column":2},"end":{"line":45,"column":3}},"type":"if","locations":[{"start":{"line":43,"column":2},"end":{"line":45,"column":3}},{"start":{},"end":{}}],"line":43},"4":{"loc":{"start":{"line":46,"column":2},"end":{"line":48,"column":3}},"type":"if","locations":[{"start":{"line":46,"column":2},"end":{"line":48,"column":3}},{"start":{},"end":{}}],"line":46},"5":{"loc":{"start":{"line":49,"column":2},"end":{"line":51,"column":3}},"type":"if","locations":[{"start":{"line":49,"column":2},"end":{"line":51,"column":3}},{"start":{},"end":{}}],"line":49},"6":{"loc":{"start":{"line":88,"column":8},"end":{"line":90,"column":9}},"type":"if","locations":[{"start":{"line":88,"column":8},"end":{"line":90,"column":9}},{"start":{},"end":{}}],"line":88},"7":{"loc":{"start":{"line":88,"column":12},"end":{"line":88,"column":44}},"type":"binary-expr","locations":[{"start":{"line":88,"column":12},"end":{"line":88,"column":19}},{"start":{"line":88,"column":23},"end":{"line":88,"column":44}}],"line":88},"8":{"loc":{"start":{"line":92,"column":8},"end":{"line":92,"column":39}},"type":"if","locations":[{"start":{"line":92,"column":8},"end":{"line":92,"column":39}},{"start":{},"end":{}}],"line":92},"9":{"loc":{"start":{"line":116,"column":6},"end":{"line":116,"column":52}},"type":"if","locations":[{"start":{"line":116,"column":6},"end":{"line":116,"column":52}},{"start":{},"end":{}}],"line":116},"10":{"loc":{"start":{"line":135,"column":6},"end":{"line":135,"column":52}},"type":"if","locations":[{"start":{"line":135,"column":6},"end":{"line":135,"column":52}},{"start":{},"end":{}}],"line":135},"11":{"loc":{"start":{"line":151,"column":6},"end":{"line":151,"column":52}},"type":"if","locations":[{"start":{"line":151,"column":6},"end":{"line":151,"column":52}},{"start":{},"end":{}}],"line":151},"12":{"loc":{"start":{"line":166,"column":6},"end":{"line":166,"column":52}},"type":"if","locations":[{"start":{"line":166,"column":6},"end":{"line":166,"column":52}},{"start":{},"end":{}}],"line":166},"13":{"loc":{"start":{"line":178,"column":4},"end":{"line":181,"column":5}},"type":"if","locations":[{"start":{"line":178,"column":4},"end":{"line":181,"column":5}},{"start":{},"end":{}}],"line":178},"14":{"loc":{"start":{"line":207,"column":6},"end":{"line":207,"column":52}},"type":"if","locations":[{"start":{"line":207,"column":6},"end":{"line":207,"column":52}},{"start":{},"end":{}}],"line":207},"15":{"loc":{"start":{"line":241,"column":13},"end":{"line":243,"column":20}},"type":"cond-expr","locations":[{"start":{"line":242,"column":14},"end":{"line":242,"column":57}},{"start":{"line":243,"column":16},"end":{"line":243,"column":20}}],"line":241},"16":{"loc":{"start":{"line":265,"column":9},"end":{"line":273,"column":16}},"type":"cond-expr","locations":[{"start":{"line":266,"column":10},"end":{"line":272,"column":14}},{"start":{"line":273,"column":12},"end":{"line":273,"column":16}}],"line":265},"17":{"loc":{"start":{"line":274,"column":9},"end":{"line":282,"column":16}},"type":"cond-expr","locations":[{"start":{"line":275,"column":10},"end":{"line":281,"column":14}},{"start":{"line":282,"column":12},"end":{"line":282,"column":16}}],"line":274},"18":{"loc":{"start":{"line":284,"column":9},"end":{"line":310,"column":9}},"type":"cond-expr","locations":[{"start":{"line":285,"column":10},"end":{"line":285,"column":53}},{"start":{"line":287,"column":10},"end":{"line":309,"column":16}}],"line":284},"19":{"loc":{"start":{"line":301,"column":30},"end":{"line":301,"column":60}},"type":"binary-expr","locations":[{"start":{"line":301,"column":30},"end":{"line":301,"column":41}},{"start":{"line":301,"column":45},"end":{"line":301,"column":60}}],"line":301},"20":{"loc":{"start":{"line":304,"column":21},"end":{"line":304,"column":53}},"type":"cond-expr","locations":[{"start":{"line":304,"column":39},"end":{"line":304,"column":42}},{"start":{"line":304,"column":45},"end":{"line":304,"column":53}}],"line":304},"21":{"loc":{"start":{"line":314,"column":38},"end":{"line":314,"column":67}},"type":"cond-expr","locations":[{"start":{"line":314,"column":53},"end":{"line":314,"column":62}},{"start":{"line":314,"column":65},"end":{"line":314,"column":67}}],"line":314},"22":{"loc":{"start":{"line":316,"column":26},"end":{"line":316,"column":70}},"type":"binary-expr","locations":[{"start":{"line":316,"column":26},"end":{"line":316,"column":44}},{"start":{"line":316,"column":48},"end":{"line":316,"column":70}}],"line":316},"23":{"loc":{"start":{"line":320,"column":34},"end":{"line":320,"column":63}},"type":"cond-expr","locations":[{"start":{"line":320,"column":49},"end":{"line":320,"column":58}},{"start":{"line":320,"column":61},"end":{"line":320,"column":63}}],"line":320},"24":{"loc":{"start":{"line":341,"column":12},"end":{"line":369,"column":20}},"type":"cond-expr","locations":[{"start":{"line":342,"column":14},"end":{"line":368,"column":24}},{"start":{"line":369,"column":16},"end":{"line":369,"column":20}}],"line":341},"25":{"loc":{"start":{"line":341,"column":12},"end":{"line":341,"column":54}},"type":"binary-expr","locations":[{"start":{"line":341,"column":12},"end":{"line":341,"column":38}},{"start":{"line":341,"column":42},"end":{"line":341,"column":54}}],"line":341},"26":{"loc":{"start":{"line":373,"column":15},"end":{"line":450,"column":22}},"type":"cond-expr","locations":[{"start":{"line":374,"column":16},"end":{"line":449,"column":23}},{"start":{"line":450,"column":18},"end":{"line":450,"column":22}}],"line":373},"27":{"loc":{"start":{"line":373,"column":15},"end":{"line":373,"column":54}},"type":"binary-expr","locations":[{"start":{"line":373,"column":15},"end":{"line":373,"column":26}},{"start":{"line":373,"column":30},"end":{"line":373,"column":54}}],"line":373},"28":{"loc":{"start":{"line":432,"column":19},"end":{"line":440,"column":26}},"type":"cond-expr","locations":[{"start":{"line":433,"column":20},"end":{"line":439,"column":24}},{"start":{"line":440,"column":22},"end":{"line":440,"column":26}}],"line":432},"29":{"loc":{"start":{"line":445,"column":30},"end":{"line":445,"column":55}},"type":"binary-expr","locations":[{"start":{"line":445,"column":30},"end":{"line":445,"column":42}},{"start":{"line":445,"column":46},"end":{"line":445,"column":55}}],"line":445},"30":{"loc":{"start":{"line":447,"column":21},"end":{"line":447,"column":67}},"type":"cond-expr","locations":[{"start":{"line":447,"column":36},"end":{"line":447,"column":51}},{"start":{"line":447,"column":54},"end":{"line":447,"column":67}}],"line":447},"31":{"loc":{"start":{"line":456,"column":18},"end":{"line":456,"column":73}},"type":"binary-expr","locations":[{"start":{"line":456,"column":18},"end":{"line":456,"column":44}},{"start":{"line":456,"column":48},"end":{"line":456,"column":57}},{"start":{"line":456,"column":61},"end":{"line":456,"column":73}}],"line":456},"32":{"loc":{"start":{"line":460,"column":17},"end":{"line":460,"column":61}},"type":"cond-expr","locations":[{"start":{"line":460,"column":29},"end":{"line":460,"column":42}},{"start":{"line":460,"column":45},"end":{"line":460,"column":61}}],"line":460},"33":{"loc":{"start":{"line":464,"column":18},"end":{"line":467,"column":29}},"type":"binary-expr","locations":[{"start":{"line":464,"column":18},"end":{"line":464,"column":44}},{"start":{"line":465,"column":18},"end":{"line":465,"column":30}},{"start":{"line":466,"column":18},"end":{"line":466,"column":27}},{"start":{"line":467,"column":18},"end":{"line":467,"column":29}}],"line":464}},"s":{"0":2,"1":9,"2":6,"3":6,"4":6,"5":6,"6":6,"7":9,"8":9,"9":1,"10":8,"11":1,"12":7,"13":1,"14":6,"15":1,"16":5,"17":1,"18":4,"19":414,"20":414,"21":414,"22":414,"23":414,"24":414,"25":414,"26":414,"27":414,"28":414,"29":414,"30":414,"31":414,"32":414,"33":54,"34":52,"35":414,"36":32,"37":30,"38":414,"39":30,"40":30,"41":30,"42":30,"43":30,"44":30,"45":2,"46":1,"47":30,"48":29,"49":30,"50":30,"51":414,"52":21,"53":21,"54":21,"55":21,"56":21,"57":21,"58":21,"59":21,"60":19,"61":19,"62":19,"63":2,"64":1,"65":21,"66":414,"67":4,"68":4,"69":4,"70":4,"71":4,"72":4,"73":2,"74":2,"75":2,"76":1,"77":414,"78":3,"79":3,"80":3,"81":3,"82":3,"83":3,"84":1,"85":1,"86":2,"87":1,"88":414,"89":3,"90":3,"91":3,"92":3,"93":3,"94":3,"95":3,"96":3,"97":1,"98":2,"99":1,"100":3,"101":414,"102":9,"103":9,"104":9,"105":9,"106":9,"107":9,"108":5,"109":5,"110":4,"111":4,"112":4,"113":4,"114":4,"115":2,"116":2,"117":2,"118":2,"119":2,"120":2,"121":2,"122":2,"123":1,"124":4,"125":414,"126":323,"127":414,"128":265,"129":265,"130":414,"131":9,"132":762,"133":21,"134":1,"135":2,"136":1,"137":2,"138":88,"139":115,"140":40,"141":22,"142":9,"143":9},"f":{"0":9,"1":6,"2":9,"3":414,"4":54,"5":32,"6":30,"7":30,"8":30,"9":21,"10":4,"11":3,"12":3,"13":9,"14":4,"15":323,"16":265,"17":265,"18":9,"19":762,"20":21,"21":1,"22":2,"23":1,"24":2,"25":88,"26":115,"27":40,"28":22,"29":9},"b":{"0":[6,2,1],"1":[1,8],"2":[1,7],"3":[1,6],"4":[1,5],"5":[1,4],"6":[1,1],"7":[2,2],"8":[29,1],"9":[1,1],"10":[1,1],"11":[1,1],"12":[1,1],"13":[5,4],"14":[1,1],"15":[323,91],"16":[8,406],"17":[2,412],"18":[30,384],"19":[762,762],"20":[21,741],"21":[331,83],"22":[2,1],"23":[331,83],"24":[2,412],"25":[414,91],"26":[285,129],"27":[414,285],"28":[5,280],"29":[285,281],"30":[4,281],"31":[414,323,320],"32":[3,411],"33":[414,323,319,316]},"_coverageSchema":"1a1c01bbd47fc00a2c39e90264f33305004495a9","hash":"8aad0febff4e123627b9ee9d657e7a123bae8542"}
,"C:\\Users\\Lenovo\\OneDrive\\universidad\\Ingenieria de software\\Proyecto_ingSoftware2-master\\Proyecto_ingSoftware2-master\\src\\lib\\api.js": {"path":"C:\\Users\\Lenovo\\OneDrive\\universidad\\Ingenieria de software\\Proyecto_ingSoftware2-master\\Proyecto_ingSoftware2-master\\src\\lib\\api.js","statementMap":{"0":{"start":{"line":12,"column":15},"end":{"line":12,"column":30}},"1":{"start":{"line":13,"column":16},"end":{"line":13,"column":52}},"2":{"start":{"line":14,"column":18},"end":{"line":18,"column":3}},"3":{"start":{"line":19,"column":2},"end":{"line":21,"column":3}},"4":{"start":{"line":20,"column":4},"end":{"line":20,"column":45}},"5":{"start":{"line":23,"column":14},"end":{"line":23,"column":66}},"6":{"start":{"line":25,"column":14},"end":{"line":28,"column":4}},"7":{"start":{"line":30,"column":13},"end":{"line":30,"column":15}},"8":{"start":{"line":31,"column":15},"end":{"line":31,"column":31}},"9":{"start":{"line":32,"column":2},"end":{"line":44,"column":3}},"10":{"start":{"line":33,"column":4},"end":{"line":43,"column":5}},"11":{"start":{"line":34,"column":6},"end":{"line":34,"column":29}},"12":{"start":{"line":37,"column":8},"end":{"line":37,"column":72}},"13":{"start":{"line":38,"column":6},"end":{"line":42,"column":7}},"14":{"start":{"line":46,"column":2},"end":{"line":58,"column":3}},"15":{"start":{"line":47,"column":16},"end":{"line":51,"column":5}},"16":{"start":{"line":52,"column":4},"end":{"line":56,"column":5}},"17":{"start":{"line":53,"column":6},"end":{"line":53,"column":45}},"18":{"start":{"line":54,"column":6},"end":{"line":54,"column":44}},"19":{"start":{"line":55,"column":6},"end":{"line":55,"column":69}},"20":{"start":{"line":57,"column":4},"end":{"line":57,"column":13}},"21":{"start":{"line":60,"column":2},"end":{"line":60,"column":13}}},"fnMap":{"0":{"name":"api","decl":{"start":{"line":11,"column":22},"end":{"line":11,"column":25}},"loc":{"start":{"line":11,"column":43},"end":{"line":61,"column":1}},"line":11}},"branchMap":{"0":{"loc":{"start":{"line":11,"column":32},"end":{"line":11,"column":41}},"type":"default-arg","locations":[{"start":{"line":11,"column":39},"end":{"line":11,"column":41}}],"line":11},"1":{"loc":{"start":{"line":16,"column":8},"end":{"line":16,"column":63}},"type":"cond-expr","locations":[{"start":{"line":16,"column":20},"end":{"line":16,"column":58}},{"start":{"line":16,"column":61},"end":{"line":16,"column":63}}],"line":16},"2":{"loc":{"start":{"line":19,"column":2},"end":{"line":21,"column":3}},"type":"if","locations":[{"start":{"line":19,"column":2},"end":{"line":21,"column":3}},{"start":{},"end":{}}],"line":19},"3":{"loc":{"start":{"line":23,"column":24},"end":{"line":23,"column":64}},"type":"cond-expr","locations":[{"start":{"line":23,"column":47},"end":{"line":23,"column":51}},{"start":{"line":23,"column":54},"end":{"line":23,"column":64}}],"line":23},"4":{"loc":{"start":{"line":32,"column":2},"end":{"line":44,"column":3}},"type":"if","locations":[{"start":{"line":32,"column":2},"end":{"line":44,"column":3}},{"start":{},"end":{}}],"line":32},"5":{"loc":{"start":{"line":37,"column":8},"end":{"line":37,"column":72}},"type":"binary-expr","locations":[{"start":{"line":37,"column":8},"end":{"line":37,"column":36}},{"start":{"line":37,"column":40},"end":{"line":37,"column":72}}],"line":37},"6":{"loc":{"start":{"line":39,"column":15},"end":{"line":41,"column":16}},"type":"cond-expr","locations":[{"start":{"line":40,"column":12},"end":{"line":40,"column":152}},{"start":{"line":41,"column":12},"end":{"line":41,"column":16}}],"line":39},"7":{"loc":{"start":{"line":46,"column":2},"end":{"line":58,"column":3}},"type":"if","locations":[{"start":{"line":46,"column":2},"end":{"line":58,"column":3}},{"start":{},"end":{}}],"line":46},"8":{"loc":{"start":{"line":49,"column":6},"end":{"line":49,"column":52}},"type":"binary-expr","locations":[{"start":{"line":49,"column":6},"end":{"line":49,"column":16}},{"start":{"line":49,"column":20},"end":{"line":49,"column":34}},{"start":{"line":49,"column":38},"end":{"line":49,"column":52}}],"line":49},"9":{"loc":{"start":{"line":52,"column":4},"end":{"line":56,"column":5}},"type":"if","locations":[{"start":{"line":52,"column":4},"end":{"line":56,"column":5}},{"start":{},"end":{}}],"line":52},"10":{"loc":{"start":{"line":52,"column":8},"end":{"line":52,"column":35}},"type":"binary-expr","locations":[{"start":{"line":52,"column":8},"end":{"line":52,"column":26}},{"start":{"line":52,"column":30},"end":{"line":52,"column":35}}],"line":52}},"s":{"0":8,"1":8,"2":8,"3":8,"4":1,"5":8,"6":8,"7":8,"8":8,"9":8,"10":6,"11":6,"12":2,"13":2,"14":8,"15":6,"16":6,"17":1,"18":1,"19":1,"20":6,"21":2},"f":{"0":8},"b":{"0":[7],"1":[1,7],"2":[1,7],"3":[7,1],"4":[6,2],"5":[2,2],"6":[1,1],"7":[6,2],"8":[6,1,1],"9":[1,5],"10":[6,2]},"_coverageSchema":"1a1c01bbd47fc00a2c39e90264f33305004495a9","hash":"53d9ebc860f219c8e7fa8d0cb227c4aea46c1fc9"}
,"C:\\Users\\Lenovo\\OneDrive\\universidad\\Ingenieria de software\\Proyecto_ingSoftware2-master\\Proyecto_ingSoftware2-master\\src\\lib\\apiTypes.js": {"path":"C:\\Users\\Lenovo\\OneDrive\\universidad\\Ingenieria de software\\Proyecto_ingSoftware2-master\\Proyecto_ingSoftware2-master\\src\\lib\\apiTypes.js","statementMap":{"0":{"start":{"line":3,"column":4},"end":{"line":3,"column":18}},"1":{"start":{"line":4,"column":4},"end":{"line":4,"column":26}},"2":{"start":{"line":5,"column":4},"end":{"line":5,"column":24}},"3":{"start":{"line":6,"column":4},"end":{"line":6,"column":26}},"4":{"start":{"line":12,"column":2},"end":{"line":12,"column":56}},"5":{"start":{"line":12,"column":47},"end":{"line":12,"column":56}},"6":{"start":{"line":13,"column":13},"end":{"line":13,"column":32}},"7":{"start":{"line":14,"column":2},"end":{"line":14,"column":46}},"8":{"start":{"line":14,"column":37},"end":{"line":14,"column":46}},"9":{"start":{"line":15,"column":16},"end":{"line":15,"column":18}},"10":{"start":{"line":16,"column":2},"end":{"line":21,"column":3}},"11":{"start":{"line":17,"column":4},"end":{"line":17,"column":37}},"12":{"start":{"line":17,"column":29},"end":{"line":17,"column":37}},"13":{"start":{"line":18,"column":4},"end":{"line":20,"column":5}},"14":{"start":{"line":19,"column":6},"end":{"line":19,"column":65}},"15":{"start":{"line":19,"column":45},"end":{"line":19,"column":65}},"16":{"start":{"line":22,"column":2},"end":{"line":22,"column":24}}},"fnMap":{"0":{"name":"(anonymous_0)","decl":{"start":{"line":2,"column":2},"end":{"line":2,"column":3}},"loc":{"start":{"line":2,"column":40},"end":{"line":7,"column":3}},"line":2},"1":{"name":"formatValidationDetails","decl":{"start":{"line":11,"column":16},"end":{"line":11,"column":39}},"loc":{"start":{"line":11,"column":49},"end":{"line":23,"column":1}},"line":11}},"branchMap":{"0":{"loc":{"start":{"line":12,"column":2},"end":{"line":12,"column":56}},"type":"if","locations":[{"start":{"line":12,"column":2},"end":{"line":12,"column":56}},{"start":{},"end":{}}],"line":12},"1":{"loc":{"start":{"line":12,"column":6},"end":{"line":12,"column":45}},"type":"binary-expr","locations":[{"start":{"line":12,"column":6},"end":{"line":12,"column":14}},{"start":{"line":12,"column":18},"end":{"line":12,"column":45}}],"line":12},"2":{"loc":{"start":{"line":14,"column":2},"end":{"line":14,"column":46}},"type":"if","locations":[{"start":{"line":14,"column":2},"end":{"line":14,"column":46}},{"start":{},"end":{}}],"line":14},"3":{"loc":{"start":{"line":14,"column":6},"end":{"line":14,"column":35}},"type":"binary-expr","locations":[{"start":{"line":14,"column":6},"end":{"line":14,"column":9}},{"start":{"line":14,"column":13},"end":{"line":14,"column":35}}],"line":14},"4":{"loc":{"start":{"line":17,"column":4},"end":{"line":17,"column":37}},"type":"if","locations":[{"start":{"line":17,"column":4},"end":{"line":17,"column":37}},{"start":{},"end":{}}],"line":17},"5":{"loc":{"start":{"line":19,"column":6},"end":{"line":19,"column":65}},"type":"if","locations":[{"start":{"line":19,"column":6},"end":{"line":19,"column":65}},{"start":{},"end":{}}],"line":19},"6":{"loc":{"start":{"line":19,"column":10},"end":{"line":19,"column":43}},"type":"binary-expr","locations":[{"start":{"line":19,"column":10},"end":{"line":19,"column":31}},{"start":{"line":19,"column":35},"end":{"line":19,"column":43}}],"line":19}},"s":{"0":15,"1":15,"2":15,"3":15,"4":6,"5":3,"6":3,"7":3,"8":1,"9":2,"10":2,"11":4,"12":1,"13":3,"14":6,"15":3,"16":2},"f":{"0":15,"1":6},"b":{"0":[3,3],"1":[6,3],"2":[1,2],"3":[3,2],"4":[1,3],"5":[3,3],"6":[6,5]},"_coverageSchema":"1a1c01bbd47fc00a2c39e90264f33305004495a9","hash":"d4b7152132689fb38fdd722a6995652bfddc2ead"}
,"C:\\Users\\Lenovo\\OneDrive\\universidad\\Ingenieria de software\\Proyecto_ingSoftware2-master\\Proyecto_ingSoftware2-master\\src\\lib\\config.js": {"path":"C:\\Users\\Lenovo\\OneDrive\\universidad\\Ingenieria de software\\Proyecto_ingSoftware2-master\\Proyecto_ingSoftware2-master\\src\\lib\\config.js","statementMap":{"0":{"start":{"line":1,"column":21},"end":{"line":1,"column":44}},"1":{"start":{"line":4,"column":2},"end":{"line":4,"column":40}},"2":{"start":{"line":14,"column":14},"end":{"line":14,"column":23}},"3":{"start":{"line":15,"column":14},"end":{"line":15,"column":51}},"4":{"start":{"line":17,"column":2},"end":{"line":19,"column":3}},"5":{"start":{"line":18,"column":4},"end":{"line":18,"column":13}},"6":{"start":{"line":22,"column":4},"end":{"line":24,"column":20}},"7":{"start":{"line":26,"column":2},"end":{"line":36,"column":3}},"8":{"start":{"line":27,"column":4},"end":{"line":35,"column":5}},"9":{"start":{"line":28,"column":19},"end":{"line":28,"column":48}},"10":{"start":{"line":29,"column":18},"end":{"line":29,"column":31}},"11":{"start":{"line":30,"column":6},"end":{"line":32,"column":7}},"12":{"start":{"line":31,"column":8},"end":{"line":31,"column":27}},"13":{"start":{"line":34,"column":6},"end":{"line":34,"column":25}},"14":{"start":{"line":38,"column":2},"end":{"line":38,"column":13}},"15":{"start":{"line":42,"column":23},"end":{"line":42,"column":38}}},"fnMap":{"0":{"name":"viteEnv","decl":{"start":{"line":3,"column":9},"end":{"line":3,"column":16}},"loc":{"start":{"line":3,"column":19},"end":{"line":5,"column":1}},"line":3},"1":{"name":"getApiBaseUrl","decl":{"start":{"line":13,"column":16},"end":{"line":13,"column":29}},"loc":{"start":{"line":13,"column":32},"end":{"line":39,"column":1}},"line":13}},"branchMap":{"0":{"loc":{"start":{"line":4,"column":9},"end":{"line":4,"column":40}},"type":"binary-expr","locations":[{"start":{"line":4,"column":9},"end":{"line":4,"column":34}},{"start":{"line":4,"column":38},"end":{"line":4,"column":40}}],"line":4},"1":{"loc":{"start":{"line":15,"column":21},"end":{"line":15,"column":43}},"type":"binary-expr","locations":[{"start":{"line":15,"column":21},"end":{"line":15,"column":37}},{"start":{"line":15,"column":41},"end":{"line":15,"column":43}}],"line":15},"2":{"loc":{"start":{"line":17,"column":2},"end":{"line":19,"column":3}},"type":"if","locations":[{"start":{"line":17,"column":2},"end":{"line":19,"column":3}},{"start":{},"end":{}}],"line":17},"3":{"loc":{"start":{"line":17,"column":6},"end":{"line":17,"column":21}},"type":"binary-expr","locations":[{"start":{"line":17,"column":6},"end":{"line":17,"column":13}},{"start":{"line":17,"column":17},"end":{"line":17,"column":21}}],"line":17},"4":{"loc":{"start":{"line":22,"column":4},"end":{"line":24,"column":20}},"type":"cond-expr","locations":[{"start":{"line":23,"column":8},"end":{"line":23,"column":30}},{"start":{"line":24,"column":8},"end":{"line":24,"column":20}}],"line":22},"5":{"loc":{"start":{"line":22,"column":4},"end":{"line":22,"column":68}},"type":"binary-expr","locations":[{"start":{"line":22,"column":4},"end":{"line":22,"column":7}},{"start":{"line":22,"column":12},"end":{"line":22,"column":37}},{"start":{"line":22,"column":41},"end":{"line":22,"column":67}}],"line":22},"6":{"loc":{"start":{"line":26,"column":2},"end":{"line":36,"column":3}},"type":"if","locations":[{"start":{"line":26,"column":2},"end":{"line":36,"column":3}},{"start":{},"end":{}}],"line":26},"7":{"loc":{"start":{"line":30,"column":6},"end":{"line":32,"column":7}},"type":"if","locations":[{"start":{"line":30,"column":6},"end":{"line":32,"column":7}},{"start":{},"end":{}}],"line":30}},"s":{"0":7,"1":22,"2":22,"3":22,"4":22,"5":1,"6":21,"7":21,"8":19,"9":19,"10":19,"11":18,"12":1,"13":1,"14":19,"15":7},"f":{"0":22,"1":22},"b":{"0":[22,1],"1":[22,1],"2":[1,21],"3":[22,8],"4":[19,2],"5":[21,20,2],"6":[19,2],"7":[1,17]},"_coverageSchema":"1a1c01bbd47fc00a2c39e90264f33305004495a9","hash":"cb6e951708d4a97f394bad4956d771df4860873d"}
,"C:\\Users\\Lenovo\\OneDrive\\universidad\\Ingenieria de software\\Proyecto_ingSoftware2-master\\Proyecto_ingSoftware2-master\\src\\lib\\formatMoney.js": {"path":"C:\\Users\\Lenovo\\OneDrive\\universidad\\Ingenieria de software\\Proyecto_ingSoftware2-master\\Proyecto_ingSoftware2-master\\src\\lib\\formatMoney.js","statementMap":{"0":{"start":{"line":2,"column":2},"end":{"line":5,"column":14}}},"fnMap":{"0":{"name":"formatMoney","decl":{"start":{"line":1,"column":16},"end":{"line":1,"column":27}},"loc":{"start":{"line":1,"column":31},"end":{"line":6,"column":1}},"line":1}},"branchMap":{},"s":{"0":1815},"f":{"0":1815},"b":{},"_coverageSchema":"1a1c01bbd47fc00a2c39e90264f33305004495a9","hash":"1471c59f971d359fdf639a7b0ea12c1967954d2b"}
}
