TN:
SF:src\App.jsx
FN:6,leerUsuarioGuardado
FN:15,estadoInicialSesion
FN:24,App
FN:29,(anonymous_3)
FN:30,(anonymous_4)
FN:35,(anonymous_5)
FN:38,(anonymous_6)
FN:43,(anonymous_7)
FN:54,(anonymous_8)
FN:59,(anonymous_9)
FNF:10
FNH:6
FNDA:4,leerUsuarioGuardado
FNDA:4,estadoInicialSesion
FNDA:4,App
FNDA:3,(anonymous_3)
FNDA:1,(anonymous_4)
FNDA:3,(anonymous_5)
FNDA:0,(anonymous_6)
FNDA:0,(anonymous_7)
FNDA:0,(anonymous_8)
FNDA:0,(anonymous_9)
DA:7,4
DA:8,4
DA:9,4
DA:11,0
DA:16,4
DA:17,4
DA:18,4
DA:19,3
DA:21,1
DA:25,4
DA:26,4
DA:27,4
DA:29,4
DA:30,3
DA:31,1
DA:32,1
DA:34,3
DA:35,3
DA:38,4
DA:39,0
DA:40,0
DA:43,4
DA:44,0
DA:45,0
DA:46,0
DA:47,0
DA:50,4
DA:54,0
DA:59,0
LF:29
LH:20
BRDA:9,0,0,3
BRDA:9,0,1,1
BRDA:18,1,0,3
BRDA:18,1,1,1
BRDA:18,2,0,4
BRDA:18,2,1,3
BRDA:52,3,0,4
BRDA:52,3,1,2
BRDA:58,4,0,4
BRDA:58,4,1,0
BRDA:61,5,0,4
BRDA:61,5,1,2
BRDA:61,5,2,2
BRF:13
BRH:12
end_of_record
TN:
SF:src\componentes\Cart.jsx
FN:4,Cart
FN:18,(anonymous_1)
FNF:2
FNH:2
FNDA:33,Cart
FNDA:9,(anonymous_1)
DA:12,33
DA:19,9
LF:2
LH:2
BRDA:7,0,0,2
BRDA:14,1,0,25
BRDA:14,1,1,8
BRF:3
BRH:3
end_of_record
TN:
SF:src\componentes\CartItem.jsx
FN:6,CartItem
FN:22,(anonymous_1)
FN:32,(anonymous_2)
FN:41,(anonymous_3)
FNF:4
FNH:4
FNDA:14,CartItem
FNDA:1,(anonymous_1)
FNDA:3,(anonymous_2)
FNDA:2,(anonymous_3)
DA:7,14
DA:22,1
DA:32,3
DA:41,2
LF:4
LH:4
BRF:0
BRH:0
end_of_record
TN:
SF:src\componentes\CheckoutButton.jsx
FN:1,CheckoutButton
FNF:1
FNH:1
FNDA:40,CheckoutButton
DA:2,40
LF:1
LH:1
BRDA:10,0,0,2
BRDA:10,0,1,38
BRDA:10,1,0,38
BRDA:10,1,1,0
BRF:4
BRH:3
end_of_record
TN:
SF:src\componentes\Login.jsx
FN:5,Login
FN:11,(anonymous_1)
FN:65,(anonymous_2)
FN:76,(anonymous_3)
FNF:4
FNH:4
FNDA:70,Login
FNDA:4,(anonymous_1)
FNDA:32,(anonymous_2)
FNDA:24,(anonymous_3)
DA:6,70
DA:7,70
DA:8,70
DA:9,70
DA:11,70
DA:12,4
DA:13,4
DA:14,4
DA:15,1
DA:16,1
DA:19,3
DA:20,3
DA:21,3
DA:25,1
DA:26,1
DA:27,1
DA:29,2
DA:30,1
DA:31,1
DA:33,1
DA:36,3
DA:40,70
DA:65,32
DA:76,24
LF:24
LH:24
BRDA:14,0,0,1
BRDA:14,0,1,3
BRDA:14,1,0,4
BRDA:14,1,1,3
BRDA:29,2,0,1
BRDA:29,2,1,1
BRDA:31,3,0,1
BRDA:31,3,1,1
BRDA:81,4,0,3
BRDA:81,4,1,67
BRDA:97,5,0,3
BRDA:97,5,1,67
BRF:12
BRH:12
end_of_record
TN:
SF:src\componentes\Registro.jsx
FN:5,Registro
FN:14,(anonymous_1)
FN:52,(anonymous_2)
FN:89,(anonymous_3)
FN:100,(anonymous_4)
FN:111,(anonymous_5)
FN:122,(anonymous_6)
FNF:7
FNH:7
FNDA:206,Registro
FNDA:6,(anonymous_1)
FNDA:1,(anonymous_2)
FNDA:40,(anonymous_3)
FNDA:60,(anonymous_4)
FNDA:45,(anonymous_5)
FNDA:45,(anonymous_6)
DA:6,206
DA:7,206
DA:8,206
DA:9,206
DA:10,206
DA:11,206
DA:12,206
DA:14,206
DA:15,6
DA:16,6
DA:17,6
DA:19,6
DA:20,6
DA:21,0
DA:22,0
DA:24,6
DA:25,1
DA:26,1
DA:28,5
DA:29,1
DA:30,1
DA:32,4
DA:33,1
DA:34,1
DA:37,3
DA:38,3
DA:39,3
DA:47,1
DA:48,1
DA:49,1
DA:50,1
DA:51,1
DA:52,1
DA:54,2
DA:55,1
DA:56,1
DA:58,1
DA:61,3
DA:65,206
DA:89,40
DA:100,60
DA:111,45
DA:122,45
LF:43
LH:41
BRDA:20,0,0,0
BRDA:20,0,1,6
BRDA:20,1,0,6
BRDA:20,1,1,6
BRDA:20,1,2,6
BRDA:20,1,3,6
BRDA:24,2,0,1
BRDA:24,2,1,5
BRDA:28,3,0,1
BRDA:28,3,1,4
BRDA:32,4,0,1
BRDA:32,4,1,3
BRDA:54,5,0,1
BRDA:54,5,1,1
BRDA:56,6,0,1
BRDA:56,6,1,1
BRDA:127,7,0,5
BRDA:127,7,1,201
BRDA:136,8,0,1
BRDA:136,8,1,205
BRDA:148,9,0,3
BRDA:148,9,1,203
BRF:22
BRH:21
end_of_record
TN:
SF:src\componentes\Tienda.jsx
FN:8,Tienda
FN:18,(anonymous_1)
FN:23,(anonymous_2)
FN:28,(anonymous_3)
FN:30,(anonymous_4)
FN:43,(anonymous_5)
FN:48,(anonymous_6)
FN:67,(anonymous_7)
FN:82,(anonymous_8)
FN:95,(anonymous_9)
FN:114,(anonymous_10)
FN:136,(anonymous_11)
FN:186,(anonymous_12)
FN:200,(anonymous_13)
FN:213,(anonymous_14)
FN:214,(anonymous_15)
FN:226,(anonymous_16)
FNF:17
FNH:14
FNDA:35,Tienda
FNDA:17,(anonymous_1)
FNDA:10,(anonymous_2)
FNDA:9,(anonymous_3)
FNDA:9,(anonymous_4)
FNDA:9,(anonymous_5)
FNDA:4,(anonymous_6)
FNDA:2,(anonymous_7)
FNDA:1,(anonymous_8)
FNDA:1,(anonymous_9)
FNDA:11,(anonymous_10)
FNDA:2,(anonymous_11)
FNDA:48,(anonymous_12)
FNDA:4,(anonymous_13)
FNDA:0,(anonymous_14)
FNDA:0,(anonymous_15)
FNDA:0,(anonymous_16)
DA:9,35
DA:10,35
DA:11,35
DA:12,35
DA:13,35
DA:14,35
DA:15,35
DA:16,35
DA:18,35
DA:19,17
DA:20,16
DA:23,35
DA:24,10
DA:25,9
DA:28,35
DA:29,9
DA:30,9
DA:31,9
DA:32,9
DA:33,9
DA:34,9
DA:36,1
DA:37,1
DA:40,9
DA:43,9
DA:44,9
DA:48,35
DA:49,4
DA:50,4
DA:51,4
DA:52,4
DA:53,4
DA:57,4
DA:58,4
DA:59,4
DA:61,0
DA:63,4
DA:67,35
DA:68,2
DA:69,2
DA:70,2
DA:71,2
DA:75,2
DA:76,2
DA:78,0
DA:82,35
DA:83,1
DA:84,1
DA:85,1
DA:88,1
DA:89,1
DA:91,0
DA:95,35
DA:96,1
DA:97,1
DA:98,1
DA:99,1
DA:100,1
DA:101,1
DA:104,1
DA:105,1
DA:106,1
DA:108,0
DA:110,1
DA:114,35
DA:116,35
DA:136,2
DA:187,48
DA:200,4
DA:213,0
DA:214,0
DA:226,0
LF:72
LH:65
BRDA:36,0,0,1
BRDA:36,0,1,0
BRDA:36,1,0,1
BRDA:36,1,1,1
BRDA:40,2,0,9
BRDA:40,2,1,0
BRDA:61,3,0,0
BRDA:61,3,1,0
BRDA:68,4,0,0
BRDA:68,4,1,2
BRDA:78,5,0,0
BRDA:78,5,1,0
BRDA:91,6,0,0
BRDA:91,6,1,0
BRDA:108,7,0,0
BRDA:108,7,1,0
BRDA:139,8,0,11
BRDA:139,8,1,24
BRDA:163,9,0,1
BRDA:163,9,1,34
BRDA:172,10,0,1
BRDA:172,10,1,34
BRDA:182,11,0,9
BRDA:182,11,1,26
BRDA:199,12,0,48
BRDA:199,12,1,48
BRDA:202,13,0,4
BRDA:202,13,1,44
BRDA:212,14,0,13
BRDA:212,14,1,22
BRDA:214,15,0,0
BRDA:214,15,1,0
BRDA:218,16,0,13
BRDA:218,16,1,22
BRDA:240,17,0,35
BRDA:240,17,1,11
BRF:36
BRH:23
end_of_record
TN:
SF:src\lib\api.js
FN:11,api
FNF:1
FNH:1
FNDA:4,api
DA:12,4
DA:13,4
DA:14,4
DA:19,4
DA:20,1
DA:23,4
DA:25,4
DA:30,4
DA:31,4
DA:32,4
DA:33,4
DA:34,4
DA:37,1
DA:38,1
DA:46,4
DA:47,3
DA:52,3
DA:53,1
DA:54,1
DA:55,1
DA:57,3
DA:60,1
LF:22
LH:22
BRDA:11,0,0,3
BRDA:16,1,0,1
BRDA:16,1,1,3
BRDA:19,2,0,1
BRDA:19,2,1,3
BRDA:23,3,0,4
BRDA:23,3,1,0
BRDA:32,4,0,4
BRDA:32,4,1,0
BRDA:37,5,0,1
BRDA:37,5,1,1
BRDA:39,6,0,1
BRDA:39,6,1,0
BRDA:41,7,0,0
BRDA:41,7,1,0
BRDA:46,8,0,3
BRDA:46,8,1,1
BRDA:49,9,0,3
BRDA:49,9,1,0
BRDA:49,9,2,0
BRDA:52,10,0,1
BRDA:52,10,1,2
BRDA:52,11,0,3
BRDA:52,11,1,1
BRF:24
BRH:17
end_of_record
TN:
SF:src\lib\apiTypes.js
FN:2,(anonymous_0)
FN:11,formatValidationDetails
FNF:2
FNH:2
FNDA:7,(anonymous_0)
FNDA:5,formatValidationDetails
DA:3,7
DA:4,7
DA:5,7
DA:6,7
DA:12,5
DA:13,2
DA:14,2
DA:15,1
DA:16,1
DA:17,2
DA:18,2
DA:19,2
DA:22,1
LF:13
LH:13
BRDA:12,0,0,3
BRDA:12,0,1,2
BRDA:12,1,0,5
BRDA:12,1,1,2
BRDA:14,2,0,1
BRDA:14,2,1,1
BRDA:14,3,0,2
BRDA:14,3,1,1
BRDA:17,4,0,0
BRDA:17,4,1,2
BRDA:19,5,0,2
BRDA:19,5,1,0
BRDA:19,6,0,2
BRDA:19,6,1,2
BRF:14
BRH:12
end_of_record
TN:
SF:src\lib\config.js
FN:3,viteEnv
FN:13,getApiBaseUrl
FNF:2
FNH:2
FNDA:13,viteEnv
FNDA:13,getApiBaseUrl
DA:1,6
DA:4,13
DA:14,13
DA:15,13
DA:17,13
DA:18,1
DA:22,12
DA:26,12
DA:27,12
DA:28,12
DA:29,12
DA:30,12
DA:31,0
DA:34,0
DA:38,12
DA:42,6
LF:16
LH:14
BRDA:4,0,0,13
BRDA:4,0,1,0
BRDA:15,1,0,13
BRDA:15,1,1,0
BRDA:17,2,0,1
BRDA:17,2,1,12
BRDA:17,3,0,13
BRDA:17,3,1,7
BRDA:22,4,0,11
BRDA:22,4,1,1
BRDA:22,5,0,12
BRDA:22,5,1,12
BRDA:22,5,2,1
BRDA:26,6,0,12
BRDA:26,6,1,0
BRDA:26,7,0,12
BRDA:26,7,1,12
BRDA:30,8,0,0
BRDA:30,8,1,12
BRF:19
BRH:15
end_of_record
TN:
SF:src\lib\formatMoney.js
FN:1,formatMoney
FNF:1
FNH:1
FNDA:111,formatMoney
DA:2,111
LF:1
LH:1
BRF:0
BRH:0
end_of_record
