TN:
SF:src\App.jsx
FN:6,leerUsuarioGuardado
FN:15,estadoInicialSesion
FN:24,App
FN:29,(anonymous_3)
FN:30,(anonymous_4)
FN:35,(anonymous_5)
FN:38,(anonymous_6)
FN:43,(anonymous_7)
FN:54,(anonymous_8)
FN:59,(anonymous_9)
FNF:10
FNH:10
FNDA:11,leerUsuarioGuardado
FNDA:11,estadoInicialSesion
FNDA:11,App
FNDA:6,(anonymous_3)
FNDA:1,(anonymous_4)
FNDA:6,(anonymous_5)
FNDA:1,(anonymous_6)
FNDA:1,(anonymous_7)
FNDA:1,(anonymous_8)
FNDA:1,(anonymous_9)
DA:7,11
DA:8,11
DA:9,11
DA:11,1
DA:16,11
DA:17,11
DA:18,11
DA:19,4
DA:21,7
DA:25,11
DA:26,11
DA:27,11
DA:29,11
DA:30,6
DA:31,1
DA:32,1
DA:34,6
DA:35,6
DA:38,11
DA:39,1
DA:40,1
DA:43,11
DA:44,1
DA:45,1
DA:46,1
DA:47,1
DA:50,11
DA:54,1
DA:59,1
LF:29
LH:29
BRDA:9,0,0,5
BRDA:9,0,1,6
BRDA:18,1,0,4
BRDA:18,1,1,7
BRDA:18,2,0,11
BRDA:18,2,1,5
BRDA:52,3,0,11
BRDA:52,3,1,7
BRDA:58,4,0,11
BRDA:58,4,1,1
BRDA:61,5,0,11
BRDA:61,5,1,3
BRDA:61,5,2,3
BRF:13
BRH:13
end_of_record
TN:
SF:src\componentes\Cart.jsx
FN:4,Cart
FN:19,(anonymous_1)
FNF:2
FNH:2
FNDA:406,Cart
FNDA:315,(anonymous_1)
DA:13,406
DA:20,315
LF:2
LH:2
BRDA:7,0,0,2
BRDA:15,1,0,92
BRDA:15,1,1,314
BRF:3
BRH:3
end_of_record
TN:
SF:src\componentes\CartItem.jsx
FN:6,CartItem
FN:22,(anonymous_1)
FN:32,(anonymous_2)
FN:41,(anonymous_3)
FNF:4
FNH:4
FNDA:320,CartItem
FNDA:1,(anonymous_1)
FNDA:5,(anonymous_2)
FNDA:4,(anonymous_3)
DA:7,320
DA:22,1
DA:32,5
DA:41,4
LF:4
LH:4
BRF:0
BRH:0
end_of_record
TN:
SF:src\componentes\CheckoutButton.jsx
FN:1,CheckoutButton
FNF:1
FNH:1
FNDA:414,CheckoutButton
DA:2,414
LF:1
LH:1
BRDA:10,0,0,5
BRDA:10,0,1,409
BRDA:10,1,0,409
BRDA:10,1,1,1
BRF:4
BRH:4
end_of_record
TN:
SF:src\componentes\Login.jsx
FN:5,Login
FN:11,(anonymous_1)
FN:65,(anonymous_2)
FN:76,(anonymous_3)
FNF:4
FNH:4
FNDA:96,Login
FNDA:5,(anonymous_1)
FNDA:44,(anonymous_2)
FNDA:32,(anonymous_3)
DA:6,96
DA:7,96
DA:8,96
DA:9,96
DA:11,96
DA:12,5
DA:13,5
DA:14,5
DA:15,1
DA:16,1
DA:19,4
DA:20,4
DA:21,4
DA:25,2
DA:26,2
DA:27,2
DA:29,2
DA:30,1
DA:31,1
DA:33,1
DA:36,4
DA:40,96
DA:65,44
DA:76,32
LF:24
LH:24
BRDA:14,0,0,1
BRDA:14,0,1,4
BRDA:14,1,0,5
BRDA:14,1,1,4
BRDA:29,2,0,1
BRDA:29,2,1,1
BRDA:31,3,0,1
BRDA:31,3,1,1
BRDA:81,4,0,3
BRDA:81,4,1,93
BRDA:97,5,0,4
BRDA:97,5,1,92
BRF:12
BRH:12
end_of_record
TN:
SF:src\componentes\Registro.jsx
FN:5,Registro
FN:14,(anonymous_1)
FN:52,(anonymous_2)
FN:89,(anonymous_3)
FN:100,(anonymous_4)
FN:111,(anonymous_5)
FN:122,(anonymous_6)
FNF:7
FNH:7
FNDA:209,Registro
FNDA:7,(anonymous_1)
FNDA:1,(anonymous_2)
FNDA:40,(anonymous_3)
FNDA:60,(anonymous_4)
FNDA:45,(anonymous_5)
FNDA:45,(anonymous_6)
DA:6,209
DA:7,209
DA:8,209
DA:9,209
DA:10,209
DA:11,209
DA:12,209
DA:14,209
DA:15,7
DA:16,7
DA:17,7
DA:19,7
DA:20,7
DA:21,1
DA:22,1
DA:24,6
DA:25,1
DA:26,1
DA:28,5
DA:29,1
DA:30,1
DA:32,4
DA:33,1
DA:34,1
DA:37,3
DA:38,3
DA:39,3
DA:47,1
DA:48,1
DA:49,1
DA:50,1
DA:51,1
DA:52,1
DA:54,2
DA:55,1
DA:56,1
DA:58,1
DA:61,3
DA:65,209
DA:89,40
DA:100,60
DA:111,45
DA:122,45
LF:43
LH:43
BRDA:20,0,0,1
BRDA:20,0,1,6
BRDA:20,1,0,7
BRDA:20,1,1,6
BRDA:20,1,2,6
BRDA:20,1,3,6
BRDA:24,2,0,1
BRDA:24,2,1,5
BRDA:28,3,0,1
BRDA:28,3,1,4
BRDA:32,4,0,1
BRDA:32,4,1,3
BRDA:54,5,0,1
BRDA:54,5,1,1
BRDA:56,6,0,1
BRDA:56,6,1,1
BRDA:127,7,0,6
BRDA:127,7,1,203
BRDA:136,8,0,1
BRDA:136,8,1,208
BRDA:148,9,0,3
BRDA:148,9,1,206
BRF:22
BRH:22
end_of_record
TN:
SF:src\componentes\Tienda.jsx
FN:15,normalizePayment
FN:24,isFutureExpiry
FN:35,validatePayment
FN:55,Tienda
FN:70,(anonymous_4)
FN:75,(anonymous_5)
FN:80,(anonymous_6)
FN:82,(anonymous_7)
FN:95,(anonymous_8)
FN:100,(anonymous_9)
FN:122,(anonymous_10)
FN:139,(anonymous_11)
FN:155,(anonymous_12)
FN:172,(anonymous_13)
FN:184,(anonymous_14)
FN:213,(anonymous_15)
FN:214,(anonymous_16)
FN:215,(anonymous_17)
FN:238,(anonymous_18)
FN:288,(anonymous_19)
FN:302,(anonymous_20)
FN:315,(anonymous_21)
FN:316,(anonymous_22)
FN:328,(anonymous_23)
FN:352,(anonymous_24)
FN:386,(anonymous_25)
FN:399,(anonymous_26)
FN:412,(anonymous_27)
FN:425,(anonymous_28)
FN:470,(anonymous_29)
FNF:30
FNH:30
FNDA:9,normalizePayment
FNDA:6,isFutureExpiry
FNDA:9,validatePayment
FNDA:414,Tienda
FNDA:54,(anonymous_4)
FNDA:32,(anonymous_5)
FNDA:30,(anonymous_6)
FNDA:30,(anonymous_7)
FNDA:30,(anonymous_8)
FNDA:21,(anonymous_9)
FNDA:4,(anonymous_10)
FNDA:3,(anonymous_11)
FNDA:3,(anonymous_12)
FNDA:9,(anonymous_13)
FNDA:4,(anonymous_14)
FNDA:323,(anonymous_15)
FNDA:265,(anonymous_16)
FNDA:265,(anonymous_17)
FNDA:9,(anonymous_18)
FNDA:762,(anonymous_19)
FNDA:21,(anonymous_20)
FNDA:1,(anonymous_21)
FNDA:2,(anonymous_22)
FNDA:1,(anonymous_23)
FNDA:2,(anonymous_24)
FNDA:88,(anonymous_25)
FNDA:115,(anonymous_26)
FNDA:40,(anonymous_27)
FNDA:22,(anonymous_28)
FNDA:9,(anonymous_29)
DA:8,2
DA:16,9
DA:25,6
DA:26,6
DA:27,6
DA:28,6
DA:29,6
DA:36,9
DA:37,9
DA:38,1
DA:40,8
DA:41,1
DA:43,7
DA:44,1
DA:46,6
DA:47,1
DA:49,5
DA:50,1
DA:52,4
DA:56,414
DA:57,414
DA:58,414
DA:59,414
DA:60,414
DA:61,414
DA:62,414
DA:63,414
DA:64,414
DA:65,414
DA:66,414
DA:67,414
DA:68,414
DA:70,414
DA:71,54
DA:72,52
DA:75,414
DA:76,32
DA:77,30
DA:80,414
DA:81,30
DA:82,30
DA:83,30
DA:84,30
DA:85,30
DA:86,30
DA:88,2
DA:89,1
DA:92,30
DA:95,30
DA:96,30
DA:100,414
DA:101,21
DA:102,21
DA:103,21
DA:104,21
DA:105,21
DA:106,21
DA:107,21
DA:108,21
DA:112,19
DA:113,19
DA:114,19
DA:116,2
DA:118,21
DA:122,414
DA:123,4
DA:124,4
DA:125,4
DA:126,4
DA:127,4
DA:128,4
DA:132,2
DA:133,2
DA:135,2
DA:139,414
DA:140,3
DA:141,3
DA:142,3
DA:143,3
DA:144,3
DA:145,3
DA:148,1
DA:149,1
DA:151,2
DA:155,414
DA:156,3
DA:157,3
DA:158,3
DA:159,3
DA:160,3
DA:161,3
DA:162,3
DA:163,3
DA:164,1
DA:166,2
DA:168,3
DA:172,414
DA:173,9
DA:174,9
DA:175,9
DA:176,9
DA:177,9
DA:178,9
DA:179,5
DA:180,5
DA:182,4
DA:183,4
DA:184,4
DA:187,4
DA:188,4
DA:192,2
DA:195,2
DA:201,2
DA:202,2
DA:203,2
DA:204,2
DA:205,2
DA:207,2
DA:209,4
DA:213,414
DA:214,414
DA:215,265
DA:218,414
DA:238,9
DA:289,762
DA:302,21
DA:315,1
DA:316,2
DA:328,1
DA:353,2
DA:387,88
DA:400,115
DA:413,40
DA:426,22
DA:471,9
DA:472,9
LF:136
LH:136
BRDA:30,0,0,6
BRDA:30,0,1,2
BRDA:30,0,2,1
BRDA:37,1,0,1
BRDA:37,1,1,8
BRDA:40,2,0,1
BRDA:40,2,1,7
BRDA:43,3,0,1
BRDA:43,3,1,6
BRDA:46,4,0,1
BRDA:46,4,1,5
BRDA:49,5,0,1
BRDA:49,5,1,4
BRDA:88,6,0,1
BRDA:88,6,1,1
BRDA:88,7,0,2
BRDA:88,7,1,2
BRDA:92,8,0,29
BRDA:92,8,1,1
BRDA:116,9,0,1
BRDA:116,9,1,1
BRDA:135,10,0,1
BRDA:135,10,1,1
BRDA:151,11,0,1
BRDA:151,11,1,1
BRDA:166,12,0,1
BRDA:166,12,1,1
BRDA:178,13,0,5
BRDA:178,13,1,4
BRDA:207,14,0,1
BRDA:207,14,1,1
BRDA:241,15,0,323
BRDA:241,15,1,91
BRDA:265,16,0,8
BRDA:265,16,1,406
BRDA:274,17,0,2
BRDA:274,17,1,412
BRDA:284,18,0,30
BRDA:284,18,1,384
BRDA:301,19,0,762
BRDA:301,19,1,762
BRDA:304,20,0,21
BRDA:304,20,1,741
BRDA:314,21,0,331
BRDA:314,21,1,83
BRDA:316,22,0,2
BRDA:316,22,1,1
BRDA:320,23,0,331
BRDA:320,23,1,83
BRDA:341,24,0,2
BRDA:341,24,1,412
BRDA:341,25,0,414
BRDA:341,25,1,91
BRDA:373,26,0,285
BRDA:373,26,1,129
BRDA:373,27,0,414
BRDA:373,27,1,285
BRDA:432,28,0,5
BRDA:432,28,1,280
BRDA:445,29,0,285
BRDA:445,29,1,281
BRDA:447,30,0,4
BRDA:447,30,1,281
BRDA:456,31,0,414
BRDA:456,31,1,323
BRDA:456,31,2,320
BRDA:460,32,0,3
BRDA:460,32,1,411
BRDA:464,33,0,414
BRDA:464,33,1,323
BRDA:464,33,2,319
BRDA:464,33,3,316
BRF:72
BRH:72
end_of_record
TN:
SF:src\lib\api.js
FN:11,api
FNF:1
FNH:1
FNDA:8,api
DA:12,8
DA:13,8
DA:14,8
DA:19,8
DA:20,1
DA:23,8
DA:25,8
DA:30,8
DA:31,8
DA:32,8
DA:33,6
DA:34,6
DA:37,2
DA:38,2
DA:46,8
DA:47,6
DA:52,6
DA:53,1
DA:54,1
DA:55,1
DA:57,6
DA:60,2
LF:22
LH:22
BRDA:11,0,0,7
BRDA:16,1,0,1
BRDA:16,1,1,7
BRDA:19,2,0,1
BRDA:19,2,1,7
BRDA:23,3,0,7
BRDA:23,3,1,1
BRDA:32,4,0,6
BRDA:32,4,1,2
BRDA:37,5,0,2
BRDA:37,5,1,2
BRDA:39,6,0,1
BRDA:39,6,1,1
BRDA:46,7,0,6
BRDA:46,7,1,2
BRDA:49,8,0,6
BRDA:49,8,1,1
BRDA:49,8,2,1
BRDA:52,9,0,1
BRDA:52,9,1,5
BRDA:52,10,0,6
BRDA:52,10,1,2
BRF:22
BRH:22
end_of_record
TN:
SF:src\lib\apiTypes.js
FN:2,(anonymous_0)
FN:11,formatValidationDetails
FNF:2
FNH:2
FNDA:15,(anonymous_0)
FNDA:6,formatValidationDetails
DA:3,15
DA:4,15
DA:5,15
DA:6,15
DA:12,6
DA:13,3
DA:14,3
DA:15,2
DA:16,2
DA:17,4
DA:18,3
DA:19,6
DA:22,2
LF:13
LH:13
BRDA:12,0,0,3
BRDA:12,0,1,3
BRDA:12,1,0,6
BRDA:12,1,1,3
BRDA:14,2,0,1
BRDA:14,2,1,2
BRDA:14,3,0,3
BRDA:14,3,1,2
BRDA:17,4,0,1
BRDA:17,4,1,3
BRDA:19,5,0,3
BRDA:19,5,1,3
BRDA:19,6,0,6
BRDA:19,6,1,5
BRF:14
BRH:14
end_of_record
TN:
SF:src\lib\config.js
FN:3,viteEnv
FN:13,getApiBaseUrl
FNF:2
FNH:2
FNDA:22,viteEnv
FNDA:22,getApiBaseUrl
DA:1,7
DA:4,22
DA:14,22
DA:15,22
DA:17,22
DA:18,1
DA:22,21
DA:26,21
DA:27,19
DA:28,19
DA:29,19
DA:30,18
DA:31,1
DA:34,1
DA:38,19
DA:42,7
LF:16
LH:16
BRDA:4,0,0,22
BRDA:4,0,1,1
BRDA:15,1,0,22
BRDA:15,1,1,1
BRDA:17,2,0,1
BRDA:17,2,1,21
BRDA:17,3,0,22
BRDA:17,3,1,8
BRDA:22,4,0,19
BRDA:22,4,1,2
BRDA:22,5,0,21
BRDA:22,5,1,20
BRDA:22,5,2,2
BRDA:26,6,0,19
BRDA:26,6,1,2
BRDA:30,7,0,1
BRDA:30,7,1,17
BRF:17
BRH:17
end_of_record
TN:
SF:src\lib\formatMoney.js
FN:1,formatMoney
FNF:1
FNH:1
FNDA:1815,formatMoney
DA:2,1815
LF:1
LH:1
BRF:0
BRH:0
end_of_record
